2017-10-01T16:45:08.691Z - info: [D:\Projects\mysite-angular-matdesign\app_api\models\db.js] Application running on win32
2017-10-01T16:45:08.739Z - info: [D:\Projects\mysite-angular-matdesign\server.js] API running on localhost:3000
2017-10-01T16:45:08.761Z - info: [D:\Projects\mysite-angular-matdesign\app_api\models\db.js] Mongoose connected to mongodb://localhost/Loc8r
2017-10-01T16:51:18.724Z - info: [D:\Projects\mysite-angular-matdesign\app_api\models\db.js] Mongoose disconnected
2017-10-01T16:51:39.965Z - info: [D:\Projects\mysite-angular-matdesign\app_api\models\db.js] Application running on win32
2017-10-01T16:51:39.999Z - info: [D:\Projects\mysite-angular-matdesign\server.js] API running on localhost:3000
2017-10-01T16:51:40.017Z - info: [D:\Projects\mysite-angular-matdesign\app_api\models\db.js] Mongoose connected to mongodb://localhost/Loc8r
2017-10-01T16:54:28.548Z - info: [D:\Projects\mysite-angular-matdesign\app_api\models\db.js] Mongoose disconnected
2017-10-01T16:54:50.733Z - info: [D:\Projects\mysite-angular-matdesign\app_api\models\db.js] Application running on win32
2017-10-01T16:54:50.767Z - info: [D:\Projects\mysite-angular-matdesign\server.js] API running on localhost:3000
2017-10-01T16:54:50.787Z - info: [D:\Projects\mysite-angular-matdesign\app_api\models\db.js] Mongoose connected to mongodb://localhost/Loc8r
2017-10-01T16:56:18.023Z - info: [D:\Projects\mysite-angular-matdesign\app_api\models\db.js] Mongoose disconnected
2017-10-01T16:56:39.593Z - info: [D:\Projects\mysite-angular-matdesign\app_api\models\db.js] Application running on win32
2017-10-01T16:56:39.625Z - info: [D:\Projects\mysite-angular-matdesign\server.js] API running on localhost:3000
2017-10-01T16:56:39.645Z - info: [D:\Projects\mysite-angular-matdesign\app_api\models\db.js] Mongoose connected to mongodb://localhost/Loc8r
2017-10-01T17:00:48.371Z - info: [D:\Projects\mysite-angular-matdesign\app_api\models\db.js] Mongoose disconnected
2017-10-01T17:01:08.777Z - info: [D:\Projects\mysite-angular-matdesign\app_api\models\db.js] Application running on win32
2017-10-01T17:01:08.812Z - info: [D:\Projects\mysite-angular-matdesign\server.js] API running on localhost:3000
2017-10-01T17:01:08.831Z - info: [D:\Projects\mysite-angular-matdesign\app_api\models\db.js] Mongoose connected to mongodb://localhost/Loc8r
2017-10-01T17:12:45.093Z - info: [D:\Projects\mysite-angular-matdesign\app_api\models\db.js] Mongoose disconnected
2017-10-01T17:14:36.238Z - info: [D:\Projects\mysite-angular-matdesign\app_api\models\db.js] Application running on win32
2017-10-01T17:14:36.269Z - info: [D:\Projects\mysite-angular-matdesign\server.js] API running on localhost:3000
2017-10-01T17:14:36.292Z - info: [D:\Projects\mysite-angular-matdesign\app_api\models\db.js] Mongoose connected to mongodb://localhost/Loc8r
2017-10-01T17:31:34.890Z - info: [D:\Projects\mysite-angular-matdesign\app_api\models\db.js] Mongoose disconnected
2017-10-01T17:31:55.233Z - info: [D:\Projects\mysite-angular-matdesign\app_api\models\db.js] Application running on win32
2017-10-01T17:31:55.265Z - info: [D:\Projects\mysite-angular-matdesign\server.js] API running on localhost:3000
2017-10-01T17:31:55.286Z - info: [D:\Projects\mysite-angular-matdesign\app_api\models\db.js] Mongoose connected to mongodb://localhost/Loc8r
2017-10-01T17:35:48.116Z - info: [D:\Projects\mysite-angular-matdesign\app_api\models\db.js] Mongoose disconnected
2017-10-01T17:36:09.027Z - info: [D:\Projects\mysite-angular-matdesign\app_api\models\db.js] Application running on win32
2017-10-01T17:36:09.060Z - info: [D:\Projects\mysite-angular-matdesign\server.js] API running on localhost:3000
2017-10-01T17:36:09.081Z - info: [D:\Projects\mysite-angular-matdesign\app_api\models\db.js] Mongoose connected to mongodb://localhost/Loc8r
2017-10-01T17:40:48.939Z - info: [D:\Projects\mysite-angular-matdesign\app_api\models\db.js] Mongoose disconnected
2017-10-01T17:41:07.338Z - info: [D:\Projects\mysite-angular-matdesign\app_api\models\db.js] Application running on win32
2017-10-01T17:41:07.373Z - info: [D:\Projects\mysite-angular-matdesign\server.js] API running on localhost:3000
2017-10-01T17:41:07.393Z - info: [D:\Projects\mysite-angular-matdesign\app_api\models\db.js] Mongoose connected to mongodb://localhost/Loc8r
2017-10-01T19:17:40.496Z - info: [D:\Projects\mysite-angular-matdesign\app_api\models\db.js] Mongoose disconnected
2017-10-01T19:18:01.538Z - info: [D:\Projects\mysite-angular-matdesign\app_api\models\db.js] Application running on win32
2017-10-01T19:18:01.573Z - info: [D:\Projects\mysite-angular-matdesign\server.js] API running on localhost:3000
2017-10-01T19:18:01.592Z - info: [D:\Projects\mysite-angular-matdesign\app_api\models\db.js] Mongoose connected to mongodb://localhost/Loc8r
2017-10-01T19:22:39.294Z - info: [D:\Projects\mysite-angular-matdesign\app_api\models\db.js] Mongoose disconnected
2017-10-01T19:23:00.840Z - info: [D:\Projects\mysite-angular-matdesign\app_api\models\db.js] Application running on win32
2017-10-01T19:23:00.875Z - info: [D:\Projects\mysite-angular-matdesign\server.js] API running on localhost:3000
2017-10-01T19:23:00.896Z - info: [D:\Projects\mysite-angular-matdesign\app_api\models\db.js] Mongoose connected to mongodb://localhost/Loc8r
2017-10-01T19:30:36.417Z - info: [D:\Projects\mysite-angular-matdesign\app_api\models\db.js] Mongoose disconnected
2017-10-01T19:30:56.463Z - info: [D:\Projects\mysite-angular-matdesign\app_api\models\db.js] Application running on win32
2017-10-01T19:30:56.495Z - info: [D:\Projects\mysite-angular-matdesign\server.js] API running on localhost:3000
2017-10-01T19:30:56.515Z - info: [D:\Projects\mysite-angular-matdesign\app_api\models\db.js] Mongoose connected to mongodb://localhost/Loc8r
2017-10-01T19:39:38.816Z - info: [D:\Projects\mysite-angular-matdesign\app_api\models\db.js] Mongoose disconnected
2017-10-01T19:39:59.397Z - info: [D:\Projects\mysite-angular-matdesign\app_api\models\db.js] Application running on win32
2017-10-01T19:39:59.432Z - info: [D:\Projects\mysite-angular-matdesign\server.js] API running on localhost:3000
2017-10-01T19:39:59.454Z - info: [D:\Projects\mysite-angular-matdesign\app_api\models\db.js] Mongoose connected to mongodb://localhost/Loc8r
2017-10-01T19:45:42.438Z - info: [D:\Projects\mysite-angular-matdesign\app_api\models\db.js] Mongoose disconnected
2017-10-01T19:46:03.995Z - info: [D:\Projects\mysite-angular-matdesign\app_api\models\db.js] Application running on win32
2017-10-01T19:46:04.032Z - info: [D:\Projects\mysite-angular-matdesign\server.js] API running on localhost:3000
2017-10-01T19:46:04.051Z - info: [D:\Projects\mysite-angular-matdesign\app_api\models\db.js] Mongoose connected to mongodb://localhost/Loc8r
2017-10-01T19:47:29.361Z - info: [D:\Projects\mysite-angular-matdesign\app_api\models\db.js] Mongoose disconnected
2017-10-01T19:47:49.688Z - info: [D:\Projects\mysite-angular-matdesign\app_api\models\db.js] Application running on win32
2017-10-01T19:47:49.722Z - info: [D:\Projects\mysite-angular-matdesign\server.js] API running on localhost:3000
2017-10-01T19:47:49.742Z - info: [D:\Projects\mysite-angular-matdesign\app_api\models\db.js] Mongoose connected to mongodb://localhost/Loc8r
2017-10-01T20:12:26.083Z - info: [D:\Projects\mysite-angular-matdesign\app_api\models\db.js] Mongoose disconnected
2017-10-01T20:12:48.821Z - info: [D:\Projects\mysite-angular-matdesign\app_api\models\db.js] Application running on win32
2017-10-01T20:12:48.856Z - info: [D:\Projects\mysite-angular-matdesign\server.js] API running on localhost:3000
2017-10-01T20:12:48.875Z - info: [D:\Projects\mysite-angular-matdesign\app_api\models\db.js] Mongoose connected to mongodb://localhost/Loc8r
2017-10-01T20:15:58.979Z - info: [D:\Projects\mysite-angular-matdesign\app_api\models\db.js] Mongoose disconnected
2017-10-01T20:16:19.047Z - info: [D:\Projects\mysite-angular-matdesign\app_api\models\db.js] Application running on win32
2017-10-01T20:16:19.080Z - info: [D:\Projects\mysite-angular-matdesign\server.js] API running on localhost:3000
2017-10-01T20:16:19.100Z - info: [D:\Projects\mysite-angular-matdesign\app_api\models\db.js] Mongoose connected to mongodb://localhost/Loc8r
2017-10-01T20:28:10.252Z - info: [D:\Projects\mysite-angular-matdesign\app_api\models\db.js] Mongoose disconnected
2017-10-01T20:28:32.838Z - info: [D:\Projects\mysite-angular-matdesign\app_api\models\db.js] Application running on win32
2017-10-01T20:28:32.875Z - info: [D:\Projects\mysite-angular-matdesign\server.js] API running on localhost:3000
2017-10-01T20:28:32.896Z - info: [D:\Projects\mysite-angular-matdesign\app_api\models\db.js] Mongoose connected to mongodb://localhost/Loc8r
2017-10-01T20:32:24.651Z - info: [D:\Projects\mysite-angular-matdesign\app_api\models\db.js] Mongoose disconnected
2017-10-01T20:32:44.766Z - info: [D:\Projects\mysite-angular-matdesign\app_api\models\db.js] Application running on win32
2017-10-01T20:32:44.802Z - info: [D:\Projects\mysite-angular-matdesign\server.js] API running on localhost:3000
2017-10-01T20:32:44.826Z - info: [D:\Projects\mysite-angular-matdesign\app_api\models\db.js] Mongoose connected to mongodb://localhost/Loc8r
2017-10-01T20:36:24.225Z - info: [D:\Projects\mysite-angular-matdesign\app_api\models\db.js] Mongoose disconnected
2017-10-01T20:36:44.712Z - info: [D:\Projects\mysite-angular-matdesign\app_api\models\db.js] Application running on win32
2017-10-01T20:36:44.746Z - info: [D:\Projects\mysite-angular-matdesign\server.js] API running on localhost:3000
2017-10-01T20:36:44.767Z - info: [D:\Projects\mysite-angular-matdesign\app_api\models\db.js] Mongoose connected to mongodb://localhost/Loc8r
2017-10-01T20:41:51.423Z - info: [D:\Projects\mysite-angular-matdesign\app_api\models\db.js] Mongoose disconnected
2017-10-01T20:42:13.240Z - info: [D:\Projects\mysite-angular-matdesign\app_api\models\db.js] Application running on win32
2017-10-01T20:42:13.279Z - info: [D:\Projects\mysite-angular-matdesign\server.js] API running on localhost:3000
2017-10-01T20:42:13.304Z - info: [D:\Projects\mysite-angular-matdesign\app_api\models\db.js] Mongoose connected to mongodb://localhost/Loc8r
2017-10-01T20:46:23.022Z - info: [D:\Projects\mysite-angular-matdesign\app_api\models\db.js] Mongoose disconnected
2017-10-01T20:46:43.804Z - info: [D:\Projects\mysite-angular-matdesign\app_api\models\db.js] Application running on win32
2017-10-01T20:46:43.838Z - info: [D:\Projects\mysite-angular-matdesign\server.js] API running on localhost:3000
2017-10-01T20:46:43.861Z - info: [D:\Projects\mysite-angular-matdesign\app_api\models\db.js] Mongoose connected to mongodb://localhost/Loc8r
2017-10-01T20:55:12.995Z - info: [D:\Projects\mysite-angular-matdesign\app_api\models\db.js] Mongoose disconnected
2017-10-01T20:55:34.771Z - info: [D:\Projects\mysite-angular-matdesign\app_api\models\db.js] Application running on win32
2017-10-01T20:55:34.810Z - info: [D:\Projects\mysite-angular-matdesign\server.js] API running on localhost:3000
2017-10-01T20:55:34.831Z - info: [D:\Projects\mysite-angular-matdesign\app_api\models\db.js] Mongoose connected to mongodb://localhost/Loc8r
2017-10-01T20:58:52.044Z - info: [D:\Projects\mysite-angular-matdesign\app_api\models\db.js] Mongoose disconnected
2017-10-01T20:59:12.018Z - info: [D:\Projects\mysite-angular-matdesign\app_api\models\db.js] Application running on win32
2017-10-01T20:59:12.055Z - info: [D:\Projects\mysite-angular-matdesign\server.js] API running on localhost:3000
2017-10-01T20:59:12.076Z - info: [D:\Projects\mysite-angular-matdesign\app_api\models\db.js] Mongoose connected to mongodb://localhost/Loc8r
2017-10-01T21:04:06.193Z - info: [D:\Projects\mysite-angular-matdesign\app_api\models\db.js] Mongoose disconnected
2017-10-01T21:04:29.193Z - info: [D:\Projects\mysite-angular-matdesign\app_api\models\db.js] Application running on win32
2017-10-01T21:04:29.225Z - info: [D:\Projects\mysite-angular-matdesign\server.js] API running on localhost:3000
2017-10-01T21:04:29.245Z - info: [D:\Projects\mysite-angular-matdesign\app_api\models\db.js] Mongoose connected to mongodb://localhost/Loc8r
2017-10-01T21:12:52.591Z - info: [D:\Projects\mysite-angular-matdesign\app_api\models\db.js] Mongoose disconnected
2017-10-01T21:13:15.284Z - info: [D:\Projects\mysite-angular-matdesign\server.js] API running on localhost:3000
2017-10-01T21:13:15.249Z - info: [D:\Projects\mysite-angular-matdesign\app_api\models\db.js] Application running on win32
2017-10-01T21:13:15.307Z - info: [D:\Projects\mysite-angular-matdesign\app_api\models\db.js] Mongoose connected to mongodb://localhost/Loc8r
2017-10-01T21:17:33.490Z - info: [D:\Projects\mysite-angular-matdesign\app_api\models\db.js] Mongoose disconnected
2017-10-01T21:17:54.606Z - info: [D:\Projects\mysite-angular-matdesign\app_api\models\db.js] Application running on win32
2017-10-01T21:17:54.651Z - info: [D:\Projects\mysite-angular-matdesign\server.js] API running on localhost:3000
2017-10-01T21:17:54.674Z - info: [D:\Projects\mysite-angular-matdesign\app_api\models\db.js] Mongoose connected to mongodb://localhost/Loc8r
2017-10-01T21:20:03.491Z - info: [D:\Projects\mysite-angular-matdesign\app_api\models\db.js] Mongoose disconnected
2017-10-01T21:20:24.189Z - info: [D:\Projects\mysite-angular-matdesign\app_api\models\db.js] Application running on win32
2017-10-01T21:20:24.223Z - info: [D:\Projects\mysite-angular-matdesign\server.js] API running on localhost:3000
2017-10-01T21:20:24.245Z - info: [D:\Projects\mysite-angular-matdesign\app_api\models\db.js] Mongoose connected to mongodb://localhost/Loc8r
2017-10-01T21:26:55.838Z - info: [D:\Projects\mysite-angular-matdesign\app_api\models\db.js] Mongoose disconnected
2017-10-01T21:27:17.599Z - info: [D:\Projects\mysite-angular-matdesign\app_api\models\db.js] Application running on win32
2017-10-01T21:27:17.630Z - info: [D:\Projects\mysite-angular-matdesign\server.js] API running on localhost:3000
2017-10-01T21:27:17.651Z - info: [D:\Projects\mysite-angular-matdesign\app_api\models\db.js] Mongoose connected to mongodb://localhost/Loc8r
2017-10-01T21:28:47.813Z - info: [D:\Projects\mysite-angular-matdesign\app_api\models\db.js] Mongoose disconnected
2017-10-01T21:29:09.036Z - info: [D:\Projects\mysite-angular-matdesign\app_api\models\db.js] Application running on win32
2017-10-01T21:29:09.069Z - info: [D:\Projects\mysite-angular-matdesign\server.js] API running on localhost:3000
2017-10-01T21:29:09.088Z - info: [D:\Projects\mysite-angular-matdesign\app_api\models\db.js] Mongoose connected to mongodb://localhost/Loc8r
2017-10-01T21:32:21.961Z - info: [D:\Projects\mysite-angular-matdesign\app_api\models\db.js] Mongoose disconnected
2017-10-01T21:32:42.380Z - info: [D:\Projects\mysite-angular-matdesign\app_api\models\db.js] Application running on win32
2017-10-01T21:32:42.415Z - info: [D:\Projects\mysite-angular-matdesign\server.js] API running on localhost:3000
2017-10-01T21:32:42.435Z - info: [D:\Projects\mysite-angular-matdesign\app_api\models\db.js] Mongoose connected to mongodb://localhost/Loc8r
2017-10-01T21:41:28.058Z - info: [D:\Projects\mysite-angular-matdesign\app_api\models\db.js] Mongoose disconnected
2017-10-01T21:41:49.962Z - info: [D:\Projects\mysite-angular-matdesign\app_api\models\db.js] Application running on win32
2017-10-01T21:41:50.008Z - info: [D:\Projects\mysite-angular-matdesign\server.js] API running on localhost:3000
2017-10-01T21:41:50.031Z - info: [D:\Projects\mysite-angular-matdesign\app_api\models\db.js] Mongoose connected to mongodb://localhost/Loc8r
2017-10-01T21:45:57.508Z - info: [D:\Projects\mysite-angular-matdesign\app_api\models\db.js] Mongoose disconnected
2017-10-01T21:46:18.701Z - info: [D:\Projects\mysite-angular-matdesign\app_api\models\db.js] Application running on win32
2017-10-01T21:46:18.739Z - info: [D:\Projects\mysite-angular-matdesign\server.js] API running on localhost:3000
2017-10-01T21:46:18.760Z - info: [D:\Projects\mysite-angular-matdesign\app_api\models\db.js] Mongoose connected to mongodb://localhost/Loc8r
2017-10-01T21:51:27.031Z - info: [D:\Projects\mysite-angular-matdesign\app_api\models\db.js] Mongoose disconnected
2017-10-01T21:51:49.442Z - info: [D:\Projects\mysite-angular-matdesign\app_api\models\db.js] Application running on win32
2017-10-01T21:51:49.474Z - info: [D:\Projects\mysite-angular-matdesign\server.js] API running on localhost:3000
2017-10-01T21:51:49.494Z - info: [D:\Projects\mysite-angular-matdesign\app_api\models\db.js] Mongoose connected to mongodb://localhost/Loc8r
2017-10-01T21:58:32.729Z - info: [D:\Projects\mysite-angular-matdesign\app_api\models\db.js] Mongoose disconnected
2017-10-01T21:58:53.445Z - info: [D:\Projects\mysite-angular-matdesign\app_api\models\db.js] Application running on win32
2017-10-01T21:58:53.478Z - info: [D:\Projects\mysite-angular-matdesign\server.js] API running on localhost:3000
2017-10-01T21:58:53.498Z - info: [D:\Projects\mysite-angular-matdesign\app_api\models\db.js] Mongoose connected to mongodb://localhost/Loc8r
2017-10-02T09:27:25.551Z - info: [D:\Projects\mysite-angular-matdesign\app_api\models\db.js] Application running on win32
2017-10-02T09:27:25.885Z - info: [D:\Projects\mysite-angular-matdesign\server.js] API running on localhost:3000
2017-10-02T09:27:25.916Z - info: [D:\Projects\mysite-angular-matdesign\app_api\models\db.js] Mongoose connected to mongodb://localhost/Loc8r
2017-10-02T17:33:27.775Z - info: [D:\Projects\mysite-angular-matdesign\app_api\models\db.js] Mongoose disconnected
2017-10-02T17:33:58.071Z - info: [D:\Projects\mysite-angular-matdesign\app_api\models\db.js] Application running on win32
2017-10-02T17:33:58.336Z - info: [D:\Projects\mysite-angular-matdesign\server.js] API running on localhost:3000
2017-10-02T17:33:58.788Z - info: [D:\Projects\mysite-angular-matdesign\app_api\models\db.js] Mongoose connected to mongodb://admin:marusja14011980@ds159254.mlab.com:59254/loc8r
2017-10-02T19:37:28.723Z - info: [D:\Projects\mysite-angular-matdesign\app_api\models\db.js] Mongoose disconnected
2017-10-02T19:37:51.606Z - info: [D:\Projects\mysite-angular-matdesign\app_api\models\db.js] Application running on win32
2017-10-02T19:37:51.638Z - info: [D:\Projects\mysite-angular-matdesign\server.js] API running on localhost:3000
2017-10-02T19:37:52.015Z - info: [D:\Projects\mysite-angular-matdesign\app_api\models\db.js] Mongoose connected to mongodb://admin:marusja14011980@ds159254.mlab.com:59254/loc8r
2017-10-02T19:38:34.249Z - info: [D:\Projects\mysite-angular-matdesign\app_api\models\db.js] Mongoose disconnected
2017-10-03T16:01:34.314Z - info: [D:\Projects\mysite-angular-matdesign\app_api\models\db.js] Application running on win32
2017-10-03T16:01:34.410Z - info: [D:\Projects\mysite-angular-matdesign\server.js] API running on localhost:undefined
2017-10-03T16:01:36.568Z - info: [D:\Projects\mysite-angular-matdesign\app_api\models\db.js] Mongoose disconnected
2017-10-03T16:01:36.572Z - error: [D:\Projects\mysite-angular-matdesign\app_api\models\db.js] Mongoose connection error: MongoError: failed to connect to server [marusja14011980:59254] on first connect [MongoError: getaddrinfo ENOTFOUND marusja14011980 marusja14011980:59254]
2017-10-03T16:03:27.540Z - info: [D:\Projects\mysite-angular-matdesign\app_api\models\db.js] Application running on win32
2017-10-03T16:03:27.567Z - info: [D:\Projects\mysite-angular-matdesign\server.js] API running on localhost:undefined
2017-10-03T16:03:27.927Z - info: [D:\Projects\mysite-angular-matdesign\app_api\models\db.js] Mongoose connected to mongodb://admin:marusja14011980@ds159254.mlab.com:59254/loc8r
2017-10-03T16:14:16.823Z - info: [D:\Projects\mysite-angular-matdesign\app_api\models\db.js] Mongoose disconnected
2017-10-03T16:14:36.733Z - info: [D:\Projects\mysite-angular-matdesign\app_api\models\db.js] Application running on win32
2017-10-03T16:14:36.768Z - info: [D:\Projects\mysite-angular-matdesign\server.js] API running on localhost:undefined
2017-10-03T16:14:37.138Z - info: [D:\Projects\mysite-angular-matdesign\app_api\models\db.js] Mongoose connected to mongodb://admin:marusja14011980@ds159254.mlab.com:59254/loc8r
2017-10-03T16:18:47.822Z - info: [D:\Projects\mysite-angular-matdesign\app_api\models\db.js] Mongoose disconnected
2017-10-03T16:19:09.579Z - info: [D:\Projects\mysite-angular-matdesign\app_api\models\db.js] Application running on win32
2017-10-03T16:19:09.611Z - info: [D:\Projects\mysite-angular-matdesign\server.js] API running on localhost:undefined
2017-10-03T16:19:09.978Z - info: [D:\Projects\mysite-angular-matdesign\app_api\models\db.js] Mongoose connected to mongodb://admin:marusja14011980@ds159254.mlab.com:59254/loc8r
2017-10-03T16:26:53.324Z - info: [D:\Projects\mysite-angular-matdesign\app_api\models\db.js] Mongoose disconnected
2017-10-03T16:27:14.795Z - info: [D:\Projects\mysite-angular-matdesign\app_api\models\db.js] Application running on win32
2017-10-03T16:27:14.840Z - info: [D:\Projects\mysite-angular-matdesign\server.js] API running on localhost:undefined
2017-10-03T16:27:15.168Z - info: [D:\Projects\mysite-angular-matdesign\app_api\models\db.js] Mongoose connected to mongodb://admin:marusja14011980@ds159254.mlab.com:59254/loc8r
2017-10-03T16:28:11.296Z - info: [D:\Projects\mysite-angular-matdesign\app_api\models\db.js] Mongoose disconnected
2017-10-03T16:29:16.697Z - info: [D:\Projects\mysite-angular-matdesign\app_api\models\db.js] Application running on win32
2017-10-03T16:29:16.731Z - info: [D:\Projects\mysite-angular-matdesign\server.js] API running on localhost:undefined
2017-10-03T16:29:17.968Z - info: [D:\Projects\mysite-angular-matdesign\app_api\models\db.js] Mongoose connected to mongodb://admin:marusja14011980@ds159254.mlab.com:59254/loc8r
2017-10-03T16:31:47.545Z - info: [D:\Projects\mysite-angular-matdesign\app_api\models\db.js] Mongoose disconnected
2017-10-03T16:36:28.847Z - info: [D:\Projects\mysite-angular-matdesign\app_api\models\db.js] Application running on win32
2017-10-03T16:36:28.885Z - info: [D:\Projects\mysite-angular-matdesign\server.js] API running on localhost:3000
2017-10-03T16:36:31.103Z - info: [D:\Projects\mysite-angular-matdesign\app_api\models\db.js] Mongoose disconnected
2017-10-03T16:36:31.109Z - error: [D:\Projects\mysite-angular-matdesign\app_api\models\db.js] Mongoose connection error: MongoError: failed to connect to server [undefined:27017] on first connect [MongoError: getaddrinfo ENOTFOUND undefined undefined:27017]
2017-10-03T21:14:11.761Z - error: [D:\Projects\mysite-angular-matdesign\server.js] uncaughtException: Cannot find module '../../libs/log' date=Tue Oct 03 2017 23:14:11 GMT+0200 (Mitteleuropäische Sommerzeit), pid=19920, uid=null, gid=null, cwd=D:\Projects\mysite-angular-matdesign, execPath=C:\Program Files\nodejs\node.exe, version=v8.2.1, argv=[C:\Program Files\nodejs\node.exe, D:\Projects\mysite-angular-matdesign\server.js], rss=52649984, heapTotal=34615296, heapUsed=22490160, external=18267483, loadavg=[0, 0, 0], uptime=86005.0359135, trace=[column=15, file=module.js, function=Module._resolveFilename, line=485, method=_resolveFilename, native=false, column=25, file=module.js, function=Module._load, line=437, method=_load, native=false, column=17, file=module.js, function=Module.require, line=513, method=require, native=false, column=18, file=internal/module.js, function=require, line=11, method=null, native=false, column=13, file=D:\Projects\mysite-angular-matdesign\config\config-db.js, function=null, line=15, method=null, native=false, column=30, file=module.js, function=Module._compile, line=569, method=_compile, native=false, column=10, file=module.js, function=Module._extensions..js, line=580, method=.js, native=false, column=32, file=module.js, function=Module.load, line=503, method=load, native=false, column=12, file=module.js, function=tryModuleLoad, line=466, method=null, native=false, column=3, file=module.js, function=Module._load, line=458, method=_load, native=false, column=17, file=module.js, function=Module.require, line=513, method=require, native=false, column=18, file=internal/module.js, function=require, line=11, method=null, native=false, column=18, file=D:\Projects\mysite-angular-matdesign\app_api\models\db.js, function=null, line=5, method=null, native=false, column=30, file=module.js, function=Module._compile, line=569, method=_compile, native=false, column=10, file=module.js, function=Module._extensions..js, line=580, method=.js, native=false, column=32, file=module.js, function=Module.load, line=503, method=load, native=false], stack=[Error: Cannot find module '../../libs/log',     at Function.Module._resolveFilename (module.js:485:15),     at Function.Module._load (module.js:437:25),     at Module.require (module.js:513:17),     at require (internal/module.js:11:18),     at Object.<anonymous> (D:\Projects\mysite-angular-matdesign\config\config-db.js:15:13),     at Module._compile (module.js:569:30),     at Object.Module._extensions..js (module.js:580:10),     at Module.load (module.js:503:32),     at tryModuleLoad (module.js:466:12),     at Function.Module._load (module.js:458:3),     at Module.require (module.js:513:17),     at require (internal/module.js:11:18),     at Object.<anonymous> (D:\Projects\mysite-angular-matdesign\app_api\models\db.js:5:18),     at Module._compile (module.js:569:30),     at Object.Module._extensions..js (module.js:580:10),     at Module.load (module.js:503:32)]
2017-10-03T21:14:11.765Z - error: [D:\Projects\mysite-angular-matdesign\app_api\models\db.js] uncaughtException: Cannot find module '../../libs/log' date=Tue Oct 03 2017 23:14:11 GMT+0200 (Mitteleuropäische Sommerzeit), pid=19920, uid=null, gid=null, cwd=D:\Projects\mysite-angular-matdesign, execPath=C:\Program Files\nodejs\node.exe, version=v8.2.1, argv=[C:\Program Files\nodejs\node.exe, D:\Projects\mysite-angular-matdesign\server.js], rss=53440512, heapTotal=34615296, heapUsed=22742648, external=18267483, loadavg=[0, 0, 0], uptime=86005.0424324, trace=[column=15, file=module.js, function=Module._resolveFilename, line=485, method=_resolveFilename, native=false, column=25, file=module.js, function=Module._load, line=437, method=_load, native=false, column=17, file=module.js, function=Module.require, line=513, method=require, native=false, column=18, file=internal/module.js, function=require, line=11, method=null, native=false, column=13, file=D:\Projects\mysite-angular-matdesign\config\config-db.js, function=null, line=15, method=null, native=false, column=30, file=module.js, function=Module._compile, line=569, method=_compile, native=false, column=10, file=module.js, function=Module._extensions..js, line=580, method=.js, native=false, column=32, file=module.js, function=Module.load, line=503, method=load, native=false, column=12, file=module.js, function=tryModuleLoad, line=466, method=null, native=false, column=3, file=module.js, function=Module._load, line=458, method=_load, native=false, column=17, file=module.js, function=Module.require, line=513, method=require, native=false, column=18, file=internal/module.js, function=require, line=11, method=null, native=false, column=18, file=D:\Projects\mysite-angular-matdesign\app_api\models\db.js, function=null, line=5, method=null, native=false, column=30, file=module.js, function=Module._compile, line=569, method=_compile, native=false, column=10, file=module.js, function=Module._extensions..js, line=580, method=.js, native=false, column=32, file=module.js, function=Module.load, line=503, method=load, native=false], stack=[Error: Cannot find module '../../libs/log',     at Function.Module._resolveFilename (module.js:485:15),     at Function.Module._load (module.js:437:25),     at Module.require (module.js:513:17),     at require (internal/module.js:11:18),     at Object.<anonymous> (D:\Projects\mysite-angular-matdesign\config\config-db.js:15:13),     at Module._compile (module.js:569:30),     at Object.Module._extensions..js (module.js:580:10),     at Module.load (module.js:503:32),     at tryModuleLoad (module.js:466:12),     at Function.Module._load (module.js:458:3),     at Module.require (module.js:513:17),     at require (internal/module.js:11:18),     at Object.<anonymous> (D:\Projects\mysite-angular-matdesign\app_api\models\db.js:5:18),     at Module._compile (module.js:569:30),     at Object.Module._extensions..js (module.js:580:10),     at Module.load (module.js:503:32)]
2017-10-03T21:15:26.465Z - info: [D:\Projects\mysite-angular-matdesign\app_api\models\db.js] Application running on win32
2017-10-03T21:15:26.494Z - info: [D:\Projects\mysite-angular-matdesign\server.js] API running on localhost:3000
2017-10-03T21:15:27.158Z - info: [D:\Projects\mysite-angular-matdesign\app_api\models\db.js] Mongoose connected to mongodb://admin:marusja14011980@ds159254.mlab.com:59254/loc8r
2017-10-03T21:18:38.145Z - info: [D:\Projects\mysite-angular-matdesign\app_api\models\db.js] Mongoose disconnected
2017-10-03T21:18:57.838Z - info: [D:\Projects\mysite-angular-matdesign\app_api\models\db.js] Application running on win32
2017-10-03T21:18:57.870Z - info: [D:\Projects\mysite-angular-matdesign\server.js] API running on localhost:3000
2017-10-03T21:18:58.374Z - info: [D:\Projects\mysite-angular-matdesign\app_api\models\db.js] Mongoose connected to mongodb://admin:marusja14011980@ds159254.mlab.com:59254/loc8r
2017-10-03T21:20:23.871Z - info: [D:\Projects\mysite-angular-matdesign\app_api\models\db.js] Mongoose disconnected
2017-10-03T21:20:43.872Z - info: [D:\Projects\mysite-angular-matdesign\app_api\models\db.js] Application running on win32
2017-10-03T21:20:43.907Z - info: [D:\Projects\mysite-angular-matdesign\server.js] API running on localhost:3000
2017-10-03T21:20:43.913Z - error: [D:\Projects\mysite-angular-matdesign\config\config-db.js] ENOENT: no such file or directory, open 'D:\Projects\mysite-angular-matdesign\config\conf-db.json'
2017-10-03T21:20:44.368Z - info: [D:\Projects\mysite-angular-matdesign\app_api\models\db.js] Mongoose connected to mongodb://admin:marusja14011980@ds159254.mlab.com:59254/loc8r
2017-10-03T21:32:23.520Z - info: [D:\Projects\mysite-angular-matdesign\app_api\models\db.js] Mongoose disconnected
2017-10-03T21:32:43.352Z - error: [D:\Projects\mysite-angular-matdesign\server.js] uncaughtException: Unexpected token ; date=Tue Oct 03 2017 23:32:43 GMT+0200 (Mitteleuropäische Sommerzeit), pid=20976, uid=null, gid=null, cwd=D:\Projects\mysite-angular-matdesign, execPath=C:\Program Files\nodejs\node.exe, version=v8.2.1, argv=[C:\Program Files\nodejs\node.exe, D:\Projects\mysite-angular-matdesign\server.js], rss=52318208, heapTotal=34615296, heapUsed=22499144, external=18267546, loadavg=[0, 0, 0], uptime=87116.6270117, trace=[column=10, file=vm.js, function=createScript, line=74, method=null, native=false, column=10, file=vm.js, function=Object.runInThisContext, line=116, method=runInThisContext, native=false, column=28, file=module.js, function=Module._compile, line=533, method=_compile, native=false, column=10, file=module.js, function=Module._extensions..js, line=580, method=.js, native=false, column=32, file=module.js, function=Module.load, line=503, method=load, native=false, column=12, file=module.js, function=tryModuleLoad, line=466, method=null, native=false, column=3, file=module.js, function=Module._load, line=458, method=_load, native=false, column=17, file=module.js, function=Module.require, line=513, method=require, native=false, column=18, file=internal/module.js, function=require, line=11, method=null, native=false, column=18, file=D:\Projects\mysite-angular-matdesign\app_api\models\db.js, function=null, line=5, method=null, native=false, column=30, file=module.js, function=Module._compile, line=569, method=_compile, native=false, column=10, file=module.js, function=Module._extensions..js, line=580, method=.js, native=false, column=32, file=module.js, function=Module.load, line=503, method=load, native=false, column=12, file=module.js, function=tryModuleLoad, line=466, method=null, native=false, column=3, file=module.js, function=Module._load, line=458, method=_load, native=false, column=17, file=module.js, function=Module.require, line=513, method=require, native=false], stack=[D:\Projects\mysite-angular-matdesign\config\config-db.js:25,           '@' + obj.urlDb + ':' + obj.portDb + '/' + obj.nameDb;,                                                                ^, , SyntaxError: Unexpected token ;,     at createScript (vm.js:74:10),     at Object.runInThisContext (vm.js:116:10),     at Module._compile (module.js:533:28),     at Object.Module._extensions..js (module.js:580:10),     at Module.load (module.js:503:32),     at tryModuleLoad (module.js:466:12),     at Function.Module._load (module.js:458:3),     at Module.require (module.js:513:17),     at require (internal/module.js:11:18),     at Object.<anonymous> (D:\Projects\mysite-angular-matdesign\app_api\models\db.js:5:18),     at Module._compile (module.js:569:30),     at Object.Module._extensions..js (module.js:580:10),     at Module.load (module.js:503:32),     at tryModuleLoad (module.js:466:12),     at Function.Module._load (module.js:458:3),     at Module.require (module.js:513:17)]
2017-10-03T21:32:43.356Z - error: [D:\Projects\mysite-angular-matdesign\app_api\models\db.js] uncaughtException: Unexpected token ; date=Tue Oct 03 2017 23:32:43 GMT+0200 (Mitteleuropäische Sommerzeit), pid=20976, uid=null, gid=null, cwd=D:\Projects\mysite-angular-matdesign, execPath=C:\Program Files\nodejs\node.exe, version=v8.2.1, argv=[C:\Program Files\nodejs\node.exe, D:\Projects\mysite-angular-matdesign\server.js], rss=53407744, heapTotal=34615296, heapUsed=22736504, external=18267546, loadavg=[0, 0, 0], uptime=87116.6335288, trace=[column=10, file=vm.js, function=createScript, line=74, method=null, native=false, column=10, file=vm.js, function=Object.runInThisContext, line=116, method=runInThisContext, native=false, column=28, file=module.js, function=Module._compile, line=533, method=_compile, native=false, column=10, file=module.js, function=Module._extensions..js, line=580, method=.js, native=false, column=32, file=module.js, function=Module.load, line=503, method=load, native=false, column=12, file=module.js, function=tryModuleLoad, line=466, method=null, native=false, column=3, file=module.js, function=Module._load, line=458, method=_load, native=false, column=17, file=module.js, function=Module.require, line=513, method=require, native=false, column=18, file=internal/module.js, function=require, line=11, method=null, native=false, column=18, file=D:\Projects\mysite-angular-matdesign\app_api\models\db.js, function=null, line=5, method=null, native=false, column=30, file=module.js, function=Module._compile, line=569, method=_compile, native=false, column=10, file=module.js, function=Module._extensions..js, line=580, method=.js, native=false, column=32, file=module.js, function=Module.load, line=503, method=load, native=false, column=12, file=module.js, function=tryModuleLoad, line=466, method=null, native=false, column=3, file=module.js, function=Module._load, line=458, method=_load, native=false, column=17, file=module.js, function=Module.require, line=513, method=require, native=false], stack=[D:\Projects\mysite-angular-matdesign\config\config-db.js:25,           '@' + obj.urlDb + ':' + obj.portDb + '/' + obj.nameDb;,                                                                ^, , SyntaxError: Unexpected token ;,     at createScript (vm.js:74:10),     at Object.runInThisContext (vm.js:116:10),     at Module._compile (module.js:533:28),     at Object.Module._extensions..js (module.js:580:10),     at Module.load (module.js:503:32),     at tryModuleLoad (module.js:466:12),     at Function.Module._load (module.js:458:3),     at Module.require (module.js:513:17),     at require (internal/module.js:11:18),     at Object.<anonymous> (D:\Projects\mysite-angular-matdesign\app_api\models\db.js:5:18),     at Module._compile (module.js:569:30),     at Object.Module._extensions..js (module.js:580:10),     at Module.load (module.js:503:32),     at tryModuleLoad (module.js:466:12),     at Function.Module._load (module.js:458:3),     at Module.require (module.js:513:17)]
2017-10-03T21:35:21.182Z - error: [D:\Projects\mysite-angular-matdesign\server.js] uncaughtException: Unexpected token ; date=Tue Oct 03 2017 23:35:21 GMT+0200 (Mitteleuropäische Sommerzeit), pid=1472, uid=null, gid=null, cwd=D:\Projects\mysite-angular-matdesign, execPath=C:\Program Files\nodejs\node.exe, version=v8.2.1, argv=[C:\Program Files\nodejs\node.exe, D:\Projects\mysite-angular-matdesign\server.js], rss=52510720, heapTotal=34615296, heapUsed=22476432, external=18267549, loadavg=[0, 0, 0], uptime=87274.4576606, trace=[column=10, file=vm.js, function=createScript, line=74, method=null, native=false, column=10, file=vm.js, function=Object.runInThisContext, line=116, method=runInThisContext, native=false, column=28, file=module.js, function=Module._compile, line=533, method=_compile, native=false, column=10, file=module.js, function=Module._extensions..js, line=580, method=.js, native=false, column=32, file=module.js, function=Module.load, line=503, method=load, native=false, column=12, file=module.js, function=tryModuleLoad, line=466, method=null, native=false, column=3, file=module.js, function=Module._load, line=458, method=_load, native=false, column=17, file=module.js, function=Module.require, line=513, method=require, native=false, column=18, file=internal/module.js, function=require, line=11, method=null, native=false, column=18, file=D:\Projects\mysite-angular-matdesign\app_api\models\db.js, function=null, line=5, method=null, native=false, column=30, file=module.js, function=Module._compile, line=569, method=_compile, native=false, column=10, file=module.js, function=Module._extensions..js, line=580, method=.js, native=false, column=32, file=module.js, function=Module.load, line=503, method=load, native=false, column=12, file=module.js, function=tryModuleLoad, line=466, method=null, native=false, column=3, file=module.js, function=Module._load, line=458, method=_load, native=false, column=17, file=module.js, function=Module.require, line=513, method=require, native=false], stack=[D:\Projects\mysite-angular-matdesign\config\config-db.js:25,           '@' + obj.urlDb + ':' + obj.portDb + '/' + obj.nameDb;,                                                                ^, , SyntaxError: Unexpected token ;,     at createScript (vm.js:74:10),     at Object.runInThisContext (vm.js:116:10),     at Module._compile (module.js:533:28),     at Object.Module._extensions..js (module.js:580:10),     at Module.load (module.js:503:32),     at tryModuleLoad (module.js:466:12),     at Function.Module._load (module.js:458:3),     at Module.require (module.js:513:17),     at require (internal/module.js:11:18),     at Object.<anonymous> (D:\Projects\mysite-angular-matdesign\app_api\models\db.js:5:18),     at Module._compile (module.js:569:30),     at Object.Module._extensions..js (module.js:580:10),     at Module.load (module.js:503:32),     at tryModuleLoad (module.js:466:12),     at Function.Module._load (module.js:458:3),     at Module.require (module.js:513:17)]
2017-10-03T21:35:21.188Z - error: [D:\Projects\mysite-angular-matdesign\app_api\models\db.js] uncaughtException: Unexpected token ; date=Tue Oct 03 2017 23:35:21 GMT+0200 (Mitteleuropäische Sommerzeit), pid=1472, uid=null, gid=null, cwd=D:\Projects\mysite-angular-matdesign, execPath=C:\Program Files\nodejs\node.exe, version=v8.2.1, argv=[C:\Program Files\nodejs\node.exe, D:\Projects\mysite-angular-matdesign\server.js], rss=53555200, heapTotal=34615296, heapUsed=22713760, external=18267549, loadavg=[0, 0, 0], uptime=87274.4661844, trace=[column=10, file=vm.js, function=createScript, line=74, method=null, native=false, column=10, file=vm.js, function=Object.runInThisContext, line=116, method=runInThisContext, native=false, column=28, file=module.js, function=Module._compile, line=533, method=_compile, native=false, column=10, file=module.js, function=Module._extensions..js, line=580, method=.js, native=false, column=32, file=module.js, function=Module.load, line=503, method=load, native=false, column=12, file=module.js, function=tryModuleLoad, line=466, method=null, native=false, column=3, file=module.js, function=Module._load, line=458, method=_load, native=false, column=17, file=module.js, function=Module.require, line=513, method=require, native=false, column=18, file=internal/module.js, function=require, line=11, method=null, native=false, column=18, file=D:\Projects\mysite-angular-matdesign\app_api\models\db.js, function=null, line=5, method=null, native=false, column=30, file=module.js, function=Module._compile, line=569, method=_compile, native=false, column=10, file=module.js, function=Module._extensions..js, line=580, method=.js, native=false, column=32, file=module.js, function=Module.load, line=503, method=load, native=false, column=12, file=module.js, function=tryModuleLoad, line=466, method=null, native=false, column=3, file=module.js, function=Module._load, line=458, method=_load, native=false, column=17, file=module.js, function=Module.require, line=513, method=require, native=false], stack=[D:\Projects\mysite-angular-matdesign\config\config-db.js:25,           '@' + obj.urlDb + ':' + obj.portDb + '/' + obj.nameDb;,                                                                ^, , SyntaxError: Unexpected token ;,     at createScript (vm.js:74:10),     at Object.runInThisContext (vm.js:116:10),     at Module._compile (module.js:533:28),     at Object.Module._extensions..js (module.js:580:10),     at Module.load (module.js:503:32),     at tryModuleLoad (module.js:466:12),     at Function.Module._load (module.js:458:3),     at Module.require (module.js:513:17),     at require (internal/module.js:11:18),     at Object.<anonymous> (D:\Projects\mysite-angular-matdesign\app_api\models\db.js:5:18),     at Module._compile (module.js:569:30),     at Object.Module._extensions..js (module.js:580:10),     at Module.load (module.js:503:32),     at tryModuleLoad (module.js:466:12),     at Function.Module._load (module.js:458:3),     at Module.require (module.js:513:17)]
2017-10-03T21:36:06.199Z - info: [D:\Projects\mysite-angular-matdesign\app_api\models\db.js] Application running on win32
2017-10-03T21:36:06.236Z - info: [D:\Projects\mysite-angular-matdesign\server.js] API running on localhost:3000
2017-10-03T21:36:06.708Z - info: [D:\Projects\mysite-angular-matdesign\app_api\models\db.js] Mongoose connected to mongodb://admin:marusja14011980@ds159254.mlab.com:59254/loc8r
2017-10-03T22:25:14.265Z - info: [D:\Projects\mysite-angular-matdesign\app_api\models\db.js] Mongoose disconnected
2017-10-03T22:25:33.852Z - error: [D:\Projects\mysite-angular-matdesign\server.js] uncaughtException: missing ) after argument list date=Wed Oct 04 2017 00:25:33 GMT+0200 (Mitteleuropäische Sommerzeit), pid=16632, uid=null, gid=null, cwd=D:\Projects\mysite-angular-matdesign, execPath=C:\Program Files\nodejs\node.exe, version=v8.2.1, argv=[C:\Program Files\nodejs\node.exe, D:\Projects\mysite-angular-matdesign\server.js], rss=52383744, heapTotal=34615296, heapUsed=22338800, external=18259639, loadavg=[0, 0, 0], uptime=90287.1248029, trace=[column=10, file=vm.js, function=createScript, line=74, method=null, native=false, column=10, file=vm.js, function=Object.runInThisContext, line=116, method=runInThisContext, native=false, column=28, file=module.js, function=Module._compile, line=533, method=_compile, native=false, column=10, file=module.js, function=Module._extensions..js, line=580, method=.js, native=false, column=32, file=module.js, function=Module.load, line=503, method=load, native=false, column=12, file=module.js, function=tryModuleLoad, line=466, method=null, native=false, column=3, file=module.js, function=Module._load, line=458, method=_load, native=false, column=17, file=module.js, function=Module.require, line=513, method=require, native=false, column=18, file=internal/module.js, function=require, line=11, method=null, native=false, column=1, file=D:\Projects\mysite-angular-matdesign\server.js, function=null, line=17, method=null, native=false, column=30, file=module.js, function=Module._compile, line=569, method=_compile, native=false, column=10, file=module.js, function=Module._extensions..js, line=580, method=.js, native=false, column=32, file=module.js, function=Module.load, line=503, method=load, native=false, column=12, file=module.js, function=tryModuleLoad, line=466, method=null, native=false, column=3, file=module.js, function=Module._load, line=458, method=_load, native=false, column=10, file=module.js, function=Module.runMain, line=605, method=runMain, native=false], stack=[D:\Projects\mysite-angular-matdesign\app_api\models\db.js:7,     } else {,     ^, , SyntaxError: missing ) after argument list,     at createScript (vm.js:74:10),     at Object.runInThisContext (vm.js:116:10),     at Module._compile (module.js:533:28),     at Object.Module._extensions..js (module.js:580:10),     at Module.load (module.js:503:32),     at tryModuleLoad (module.js:466:12),     at Function.Module._load (module.js:458:3),     at Module.require (module.js:513:17),     at require (internal/module.js:11:18),     at Object.<anonymous> (D:\Projects\mysite-angular-matdesign\server.js:17:1),     at Module._compile (module.js:569:30),     at Object.Module._extensions..js (module.js:580:10),     at Module.load (module.js:503:32),     at tryModuleLoad (module.js:466:12),     at Function.Module._load (module.js:458:3),     at Function.Module.runMain (module.js:605:10)]
2017-10-03T22:27:15.630Z - error: [D:\Projects\mysite-angular-matdesign\server.js] uncaughtException: missing ) after argument list date=Wed Oct 04 2017 00:27:15 GMT+0200 (Mitteleuropäische Sommerzeit), pid=20912, uid=null, gid=null, cwd=D:\Projects\mysite-angular-matdesign, execPath=C:\Program Files\nodejs\node.exe, version=v8.2.1, argv=[C:\Program Files\nodejs\node.exe, D:\Projects\mysite-angular-matdesign\server.js], rss=52256768, heapTotal=34615296, heapUsed=22354736, external=18259674, loadavg=[0, 0, 0], uptime=90388.9042728, trace=[column=10, file=vm.js, function=createScript, line=74, method=null, native=false, column=10, file=vm.js, function=Object.runInThisContext, line=116, method=runInThisContext, native=false, column=28, file=module.js, function=Module._compile, line=533, method=_compile, native=false, column=10, file=module.js, function=Module._extensions..js, line=580, method=.js, native=false, column=32, file=module.js, function=Module.load, line=503, method=load, native=false, column=12, file=module.js, function=tryModuleLoad, line=466, method=null, native=false, column=3, file=module.js, function=Module._load, line=458, method=_load, native=false, column=17, file=module.js, function=Module.require, line=513, method=require, native=false, column=18, file=internal/module.js, function=require, line=11, method=null, native=false, column=1, file=D:\Projects\mysite-angular-matdesign\server.js, function=null, line=17, method=null, native=false, column=30, file=module.js, function=Module._compile, line=569, method=_compile, native=false, column=10, file=module.js, function=Module._extensions..js, line=580, method=.js, native=false, column=32, file=module.js, function=Module.load, line=503, method=load, native=false, column=12, file=module.js, function=tryModuleLoad, line=466, method=null, native=false, column=3, file=module.js, function=Module._load, line=458, method=_load, native=false, column=10, file=module.js, function=Module.runMain, line=605, method=runMain, native=false], stack=[D:\Projects\mysite-angular-matdesign\app_api\models\db.js:7,     } else {,     ^, , SyntaxError: missing ) after argument list,     at createScript (vm.js:74:10),     at Object.runInThisContext (vm.js:116:10),     at Module._compile (module.js:533:28),     at Object.Module._extensions..js (module.js:580:10),     at Module.load (module.js:503:32),     at tryModuleLoad (module.js:466:12),     at Function.Module._load (module.js:458:3),     at Module.require (module.js:513:17),     at require (internal/module.js:11:18),     at Object.<anonymous> (D:\Projects\mysite-angular-matdesign\server.js:17:1),     at Module._compile (module.js:569:30),     at Object.Module._extensions..js (module.js:580:10),     at Module.load (module.js:503:32),     at tryModuleLoad (module.js:466:12),     at Function.Module._load (module.js:458:3),     at Function.Module.runMain (module.js:605:10)]
2017-10-03T22:28:32.370Z - error: [D:\Projects\mysite-angular-matdesign\server.js] uncaughtException: missing ) after argument list date=Wed Oct 04 2017 00:28:32 GMT+0200 (Mitteleuropäische Sommerzeit), pid=21276, uid=null, gid=null, cwd=D:\Projects\mysite-angular-matdesign, execPath=C:\Program Files\nodejs\node.exe, version=v8.2.1, argv=[C:\Program Files\nodejs\node.exe, D:\Projects\mysite-angular-matdesign\server.js], rss=52482048, heapTotal=34615296, heapUsed=22334024, external=18259726, loadavg=[0, 0, 0], uptime=90465.6420421, trace=[column=10, file=vm.js, function=createScript, line=74, method=null, native=false, column=10, file=vm.js, function=Object.runInThisContext, line=116, method=runInThisContext, native=false, column=28, file=module.js, function=Module._compile, line=533, method=_compile, native=false, column=10, file=module.js, function=Module._extensions..js, line=580, method=.js, native=false, column=32, file=module.js, function=Module.load, line=503, method=load, native=false, column=12, file=module.js, function=tryModuleLoad, line=466, method=null, native=false, column=3, file=module.js, function=Module._load, line=458, method=_load, native=false, column=17, file=module.js, function=Module.require, line=513, method=require, native=false, column=18, file=internal/module.js, function=require, line=11, method=null, native=false, column=1, file=D:\Projects\mysite-angular-matdesign\server.js, function=null, line=17, method=null, native=false, column=30, file=module.js, function=Module._compile, line=569, method=_compile, native=false, column=10, file=module.js, function=Module._extensions..js, line=580, method=.js, native=false, column=32, file=module.js, function=Module.load, line=503, method=load, native=false, column=12, file=module.js, function=tryModuleLoad, line=466, method=null, native=false, column=3, file=module.js, function=Module._load, line=458, method=_load, native=false, column=10, file=module.js, function=Module.runMain, line=605, method=runMain, native=false], stack=[D:\Projects\mysite-angular-matdesign\app_api\models\db.js:8,     } else {,     ^, , SyntaxError: missing ) after argument list,     at createScript (vm.js:74:10),     at Object.runInThisContext (vm.js:116:10),     at Module._compile (module.js:533:28),     at Object.Module._extensions..js (module.js:580:10),     at Module.load (module.js:503:32),     at tryModuleLoad (module.js:466:12),     at Function.Module._load (module.js:458:3),     at Module.require (module.js:513:17),     at require (internal/module.js:11:18),     at Object.<anonymous> (D:\Projects\mysite-angular-matdesign\server.js:17:1),     at Module._compile (module.js:569:30),     at Object.Module._extensions..js (module.js:580:10),     at Module.load (module.js:503:32),     at tryModuleLoad (module.js:466:12),     at Function.Module._load (module.js:458:3),     at Function.Module.runMain (module.js:605:10)]
2017-10-03T22:51:53.050Z - error: [D:\Projects\mysite-angular-matdesign\server.js] uncaughtException: missing ) after argument list date=Wed Oct 04 2017 00:51:53 GMT+0200 (Mitteleuropäische Sommerzeit), pid=22256, uid=null, gid=null, cwd=D:\Projects\mysite-angular-matdesign, execPath=C:\Program Files\nodejs\node.exe, version=v8.2.1, argv=[C:\Program Files\nodejs\node.exe, D:\Projects\mysite-angular-matdesign\server.js], rss=52322304, heapTotal=34615296, heapUsed=22336792, external=18259701, loadavg=[0, 0, 0], uptime=91866.3255852, trace=[column=10, file=vm.js, function=createScript, line=74, method=null, native=false, column=10, file=vm.js, function=Object.runInThisContext, line=116, method=runInThisContext, native=false, column=28, file=module.js, function=Module._compile, line=533, method=_compile, native=false, column=10, file=module.js, function=Module._extensions..js, line=580, method=.js, native=false, column=32, file=module.js, function=Module.load, line=503, method=load, native=false, column=12, file=module.js, function=tryModuleLoad, line=466, method=null, native=false, column=3, file=module.js, function=Module._load, line=458, method=_load, native=false, column=17, file=module.js, function=Module.require, line=513, method=require, native=false, column=18, file=internal/module.js, function=require, line=11, method=null, native=false, column=1, file=D:\Projects\mysite-angular-matdesign\server.js, function=null, line=17, method=null, native=false, column=30, file=module.js, function=Module._compile, line=569, method=_compile, native=false, column=10, file=module.js, function=Module._extensions..js, line=580, method=.js, native=false, column=32, file=module.js, function=Module.load, line=503, method=load, native=false, column=12, file=module.js, function=tryModuleLoad, line=466, method=null, native=false, column=3, file=module.js, function=Module._load, line=458, method=_load, native=false, column=10, file=module.js, function=Module.runMain, line=605, method=runMain, native=false], stack=[D:\Projects\mysite-angular-matdesign\app_api\models\db.js:8,     } else {,     ^, , SyntaxError: missing ) after argument list,     at createScript (vm.js:74:10),     at Object.runInThisContext (vm.js:116:10),     at Module._compile (module.js:533:28),     at Object.Module._extensions..js (module.js:580:10),     at Module.load (module.js:503:32),     at tryModuleLoad (module.js:466:12),     at Function.Module._load (module.js:458:3),     at Module.require (module.js:513:17),     at require (internal/module.js:11:18),     at Object.<anonymous> (D:\Projects\mysite-angular-matdesign\server.js:17:1),     at Module._compile (module.js:569:30),     at Object.Module._extensions..js (module.js:580:10),     at Module.load (module.js:503:32),     at tryModuleLoad (module.js:466:12),     at Function.Module._load (module.js:458:3),     at Function.Module.runMain (module.js:605:10)]
2017-10-03T22:54:01.801Z - error: [D:\Projects\mysite-angular-matdesign\server.js] uncaughtException: Unexpected token ; date=Wed Oct 04 2017 00:54:01 GMT+0200 (Mitteleuropäische Sommerzeit), pid=2672, uid=null, gid=null, cwd=D:\Projects\mysite-angular-matdesign, execPath=C:\Program Files\nodejs\node.exe, version=v8.2.1, argv=[C:\Program Files\nodejs\node.exe, D:\Projects\mysite-angular-matdesign\server.js], rss=52756480, heapTotal=34615296, heapUsed=22355000, external=18259715, loadavg=[0, 0, 0], uptime=91995.075176, trace=[column=10, file=vm.js, function=createScript, line=74, method=null, native=false, column=10, file=vm.js, function=Object.runInThisContext, line=116, method=runInThisContext, native=false, column=28, file=module.js, function=Module._compile, line=533, method=_compile, native=false, column=10, file=module.js, function=Module._extensions..js, line=580, method=.js, native=false, column=32, file=module.js, function=Module.load, line=503, method=load, native=false, column=12, file=module.js, function=tryModuleLoad, line=466, method=null, native=false, column=3, file=module.js, function=Module._load, line=458, method=_load, native=false, column=17, file=module.js, function=Module.require, line=513, method=require, native=false, column=18, file=internal/module.js, function=require, line=11, method=null, native=false, column=1, file=D:\Projects\mysite-angular-matdesign\server.js, function=null, line=17, method=null, native=false, column=30, file=module.js, function=Module._compile, line=569, method=_compile, native=false, column=10, file=module.js, function=Module._extensions..js, line=580, method=.js, native=false, column=32, file=module.js, function=Module.load, line=503, method=load, native=false, column=12, file=module.js, function=tryModuleLoad, line=466, method=null, native=false, column=3, file=module.js, function=Module._load, line=458, method=_load, native=false, column=10, file=module.js, function=Module.runMain, line=605, method=runMain, native=false], stack=[D:\Projects\mysite-angular-matdesign\app_api\models\db.js:14,           '@' + obj.urlDb + ':' + obj.portDb + '/' + obj.nameDb;,                                                                ^, , SyntaxError: Unexpected token ;,     at createScript (vm.js:74:10),     at Object.runInThisContext (vm.js:116:10),     at Module._compile (module.js:533:28),     at Object.Module._extensions..js (module.js:580:10),     at Module.load (module.js:503:32),     at tryModuleLoad (module.js:466:12),     at Function.Module._load (module.js:458:3),     at Module.require (module.js:513:17),     at require (internal/module.js:11:18),     at Object.<anonymous> (D:\Projects\mysite-angular-matdesign\server.js:17:1),     at Module._compile (module.js:569:30),     at Object.Module._extensions..js (module.js:580:10),     at Module.load (module.js:503:32),     at tryModuleLoad (module.js:466:12),     at Function.Module._load (module.js:458:3),     at Function.Module.runMain (module.js:605:10)]
2017-10-03T22:54:51.243Z - error: [D:\Projects\mysite-angular-matdesign\server.js] uncaughtException: Cannot read property 'url' of undefined date=Wed Oct 04 2017 00:54:51 GMT+0200 (Mitteleuropäische Sommerzeit), pid=12864, uid=null, gid=null, cwd=D:\Projects\mysite-angular-matdesign, execPath=C:\Program Files\nodejs\node.exe, version=v8.2.1, argv=[C:\Program Files\nodejs\node.exe, D:\Projects\mysite-angular-matdesign\server.js], rss=52563968, heapTotal=34615296, heapUsed=22603208, external=18267886, loadavg=[0, 0, 0], uptime=92044.518453, trace=[column=21, file=D:\Projects\mysite-angular-matdesign\app_api\models\db.js, function=null, line=26, method=null, native=false, column=30, file=module.js, function=Module._compile, line=569, method=_compile, native=false, column=10, file=module.js, function=Module._extensions..js, line=580, method=.js, native=false, column=32, file=module.js, function=Module.load, line=503, method=load, native=false, column=12, file=module.js, function=tryModuleLoad, line=466, method=null, native=false, column=3, file=module.js, function=Module._load, line=458, method=_load, native=false, column=17, file=module.js, function=Module.require, line=513, method=require, native=false, column=18, file=internal/module.js, function=require, line=11, method=null, native=false, column=1, file=D:\Projects\mysite-angular-matdesign\server.js, function=null, line=17, method=null, native=false, column=30, file=module.js, function=Module._compile, line=569, method=_compile, native=false, column=10, file=module.js, function=Module._extensions..js, line=580, method=.js, native=false, column=32, file=module.js, function=Module.load, line=503, method=load, native=false, column=12, file=module.js, function=tryModuleLoad, line=466, method=null, native=false, column=3, file=module.js, function=Module._load, line=458, method=_load, native=false, column=10, file=module.js, function=Module.runMain, line=605, method=runMain, native=false, column=16, file=bootstrap_node.js, function=startup, line=158, method=null, native=false], stack=[TypeError: Cannot read property 'url' of undefined,     at Object.<anonymous> (D:\Projects\mysite-angular-matdesign\app_api\models\db.js:26:21),     at Module._compile (module.js:569:30),     at Object.Module._extensions..js (module.js:580:10),     at Module.load (module.js:503:32),     at tryModuleLoad (module.js:466:12),     at Function.Module._load (module.js:458:3),     at Module.require (module.js:513:17),     at require (internal/module.js:11:18),     at Object.<anonymous> (D:\Projects\mysite-angular-matdesign\server.js:17:1),     at Module._compile (module.js:569:30),     at Object.Module._extensions..js (module.js:580:10),     at Module.load (module.js:503:32),     at tryModuleLoad (module.js:466:12),     at Function.Module._load (module.js:458:3),     at Function.Module.runMain (module.js:605:10),     at startup (bootstrap_node.js:158:16)]
2017-10-03T22:54:51.247Z - error: [D:\Projects\mysite-angular-matdesign\app_api\models\db.js] uncaughtException: Cannot read property 'url' of undefined date=Wed Oct 04 2017 00:54:51 GMT+0200 (Mitteleuropäische Sommerzeit), pid=12864, uid=null, gid=null, cwd=D:\Projects\mysite-angular-matdesign, execPath=C:\Program Files\nodejs\node.exe, version=v8.2.1, argv=[C:\Program Files\nodejs\node.exe, D:\Projects\mysite-angular-matdesign\server.js], rss=53579776, heapTotal=34615296, heapUsed=22860680, external=18267886, loadavg=[0, 0, 0], uptime=92044.5244985, trace=[column=21, file=D:\Projects\mysite-angular-matdesign\app_api\models\db.js, function=null, line=26, method=null, native=false, column=30, file=module.js, function=Module._compile, line=569, method=_compile, native=false, column=10, file=module.js, function=Module._extensions..js, line=580, method=.js, native=false, column=32, file=module.js, function=Module.load, line=503, method=load, native=false, column=12, file=module.js, function=tryModuleLoad, line=466, method=null, native=false, column=3, file=module.js, function=Module._load, line=458, method=_load, native=false, column=17, file=module.js, function=Module.require, line=513, method=require, native=false, column=18, file=internal/module.js, function=require, line=11, method=null, native=false, column=1, file=D:\Projects\mysite-angular-matdesign\server.js, function=null, line=17, method=null, native=false, column=30, file=module.js, function=Module._compile, line=569, method=_compile, native=false, column=10, file=module.js, function=Module._extensions..js, line=580, method=.js, native=false, column=32, file=module.js, function=Module.load, line=503, method=load, native=false, column=12, file=module.js, function=tryModuleLoad, line=466, method=null, native=false, column=3, file=module.js, function=Module._load, line=458, method=_load, native=false, column=10, file=module.js, function=Module.runMain, line=605, method=runMain, native=false, column=16, file=bootstrap_node.js, function=startup, line=158, method=null, native=false], stack=[TypeError: Cannot read property 'url' of undefined,     at Object.<anonymous> (D:\Projects\mysite-angular-matdesign\app_api\models\db.js:26:21),     at Module._compile (module.js:569:30),     at Object.Module._extensions..js (module.js:580:10),     at Module.load (module.js:503:32),     at tryModuleLoad (module.js:466:12),     at Function.Module._load (module.js:458:3),     at Module.require (module.js:513:17),     at require (internal/module.js:11:18),     at Object.<anonymous> (D:\Projects\mysite-angular-matdesign\server.js:17:1),     at Module._compile (module.js:569:30),     at Object.Module._extensions..js (module.js:580:10),     at Module.load (module.js:503:32),     at tryModuleLoad (module.js:466:12),     at Function.Module._load (module.js:458:3),     at Function.Module.runMain (module.js:605:10),     at startup (bootstrap_node.js:158:16)]
2017-10-03T22:54:51.250Z - error: [D:\Projects\mysite-angular-matdesign\config\config-db.js] uncaughtException: Cannot read property 'url' of undefined date=Wed Oct 04 2017 00:54:51 GMT+0200 (Mitteleuropäische Sommerzeit), pid=12864, uid=null, gid=null, cwd=D:\Projects\mysite-angular-matdesign, execPath=C:\Program Files\nodejs\node.exe, version=v8.2.1, argv=[C:\Program Files\nodejs\node.exe, D:\Projects\mysite-angular-matdesign\server.js], rss=53698560, heapTotal=34615296, heapUsed=22966888, external=18267886, loadavg=[0, 0, 0], uptime=92044.5275013, trace=[column=21, file=D:\Projects\mysite-angular-matdesign\app_api\models\db.js, function=null, line=26, method=null, native=false, column=30, file=module.js, function=Module._compile, line=569, method=_compile, native=false, column=10, file=module.js, function=Module._extensions..js, line=580, method=.js, native=false, column=32, file=module.js, function=Module.load, line=503, method=load, native=false, column=12, file=module.js, function=tryModuleLoad, line=466, method=null, native=false, column=3, file=module.js, function=Module._load, line=458, method=_load, native=false, column=17, file=module.js, function=Module.require, line=513, method=require, native=false, column=18, file=internal/module.js, function=require, line=11, method=null, native=false, column=1, file=D:\Projects\mysite-angular-matdesign\server.js, function=null, line=17, method=null, native=false, column=30, file=module.js, function=Module._compile, line=569, method=_compile, native=false, column=10, file=module.js, function=Module._extensions..js, line=580, method=.js, native=false, column=32, file=module.js, function=Module.load, line=503, method=load, native=false, column=12, file=module.js, function=tryModuleLoad, line=466, method=null, native=false, column=3, file=module.js, function=Module._load, line=458, method=_load, native=false, column=10, file=module.js, function=Module.runMain, line=605, method=runMain, native=false, column=16, file=bootstrap_node.js, function=startup, line=158, method=null, native=false], stack=[TypeError: Cannot read property 'url' of undefined,     at Object.<anonymous> (D:\Projects\mysite-angular-matdesign\app_api\models\db.js:26:21),     at Module._compile (module.js:569:30),     at Object.Module._extensions..js (module.js:580:10),     at Module.load (module.js:503:32),     at tryModuleLoad (module.js:466:12),     at Function.Module._load (module.js:458:3),     at Module.require (module.js:513:17),     at require (internal/module.js:11:18),     at Object.<anonymous> (D:\Projects\mysite-angular-matdesign\server.js:17:1),     at Module._compile (module.js:569:30),     at Object.Module._extensions..js (module.js:580:10),     at Module.load (module.js:503:32),     at tryModuleLoad (module.js:466:12),     at Function.Module._load (module.js:458:3),     at Function.Module.runMain (module.js:605:10),     at startup (bootstrap_node.js:158:16)]
2017-10-03T22:56:38.009Z - error: [D:\Projects\mysite-angular-matdesign\server.js] uncaughtException: missing ) after argument list date=Wed Oct 04 2017 00:56:37 GMT+0200 (Mitteleuropäische Sommerzeit), pid=11568, uid=null, gid=null, cwd=D:\Projects\mysite-angular-matdesign, execPath=C:\Program Files\nodejs\node.exe, version=v8.2.1, argv=[C:\Program Files\nodejs\node.exe, D:\Projects\mysite-angular-matdesign\server.js], rss=52363264, heapTotal=34615296, heapUsed=22499936, external=18267945, loadavg=[0, 0, 0], uptime=92151.2838582, trace=[column=10, file=vm.js, function=createScript, line=74, method=null, native=false, column=10, file=vm.js, function=Object.runInThisContext, line=116, method=runInThisContext, native=false, column=28, file=module.js, function=Module._compile, line=533, method=_compile, native=false, column=10, file=module.js, function=Module._extensions..js, line=580, method=.js, native=false, column=32, file=module.js, function=Module.load, line=503, method=load, native=false, column=12, file=module.js, function=tryModuleLoad, line=466, method=null, native=false, column=3, file=module.js, function=Module._load, line=458, method=_load, native=false, column=17, file=module.js, function=Module.require, line=513, method=require, native=false, column=18, file=internal/module.js, function=require, line=11, method=null, native=false, column=18, file=D:\Projects\mysite-angular-matdesign\app_api\models\db.js, function=null, line=6, method=null, native=false, column=30, file=module.js, function=Module._compile, line=569, method=_compile, native=false, column=10, file=module.js, function=Module._extensions..js, line=580, method=.js, native=false, column=32, file=module.js, function=Module.load, line=503, method=load, native=false, column=12, file=module.js, function=tryModuleLoad, line=466, method=null, native=false, column=3, file=module.js, function=Module._load, line=458, method=_load, native=false, column=17, file=module.js, function=Module.require, line=513, method=require, native=false], stack=[D:\Projects\mysite-angular-matdesign\config\config-db.js:19,   obj = JSON.parse(fs.readFileSync(path.join(__dirname, 'config-db.json');,                                                                         ^, , SyntaxError: missing ) after argument list,     at createScript (vm.js:74:10),     at Object.runInThisContext (vm.js:116:10),     at Module._compile (module.js:533:28),     at Object.Module._extensions..js (module.js:580:10),     at Module.load (module.js:503:32),     at tryModuleLoad (module.js:466:12),     at Function.Module._load (module.js:458:3),     at Module.require (module.js:513:17),     at require (internal/module.js:11:18),     at Object.<anonymous> (D:\Projects\mysite-angular-matdesign\app_api\models\db.js:6:18),     at Module._compile (module.js:569:30),     at Object.Module._extensions..js (module.js:580:10),     at Module.load (module.js:503:32),     at tryModuleLoad (module.js:466:12),     at Function.Module._load (module.js:458:3),     at Module.require (module.js:513:17)]
2017-10-03T22:56:38.014Z - error: [D:\Projects\mysite-angular-matdesign\app_api\models\db.js] uncaughtException: missing ) after argument list date=Wed Oct 04 2017 00:56:38 GMT+0200 (Mitteleuropäische Sommerzeit), pid=11568, uid=null, gid=null, cwd=D:\Projects\mysite-angular-matdesign, execPath=C:\Program Files\nodejs\node.exe, version=v8.2.1, argv=[C:\Program Files\nodejs\node.exe, D:\Projects\mysite-angular-matdesign\server.js], rss=53551104, heapTotal=34615296, heapUsed=22737240, external=18267945, loadavg=[0, 0, 0], uptime=92151.2918854, trace=[column=10, file=vm.js, function=createScript, line=74, method=null, native=false, column=10, file=vm.js, function=Object.runInThisContext, line=116, method=runInThisContext, native=false, column=28, file=module.js, function=Module._compile, line=533, method=_compile, native=false, column=10, file=module.js, function=Module._extensions..js, line=580, method=.js, native=false, column=32, file=module.js, function=Module.load, line=503, method=load, native=false, column=12, file=module.js, function=tryModuleLoad, line=466, method=null, native=false, column=3, file=module.js, function=Module._load, line=458, method=_load, native=false, column=17, file=module.js, function=Module.require, line=513, method=require, native=false, column=18, file=internal/module.js, function=require, line=11, method=null, native=false, column=18, file=D:\Projects\mysite-angular-matdesign\app_api\models\db.js, function=null, line=6, method=null, native=false, column=30, file=module.js, function=Module._compile, line=569, method=_compile, native=false, column=10, file=module.js, function=Module._extensions..js, line=580, method=.js, native=false, column=32, file=module.js, function=Module.load, line=503, method=load, native=false, column=12, file=module.js, function=tryModuleLoad, line=466, method=null, native=false, column=3, file=module.js, function=Module._load, line=458, method=_load, native=false, column=17, file=module.js, function=Module.require, line=513, method=require, native=false], stack=[D:\Projects\mysite-angular-matdesign\config\config-db.js:19,   obj = JSON.parse(fs.readFileSync(path.join(__dirname, 'config-db.json');,                                                                         ^, , SyntaxError: missing ) after argument list,     at createScript (vm.js:74:10),     at Object.runInThisContext (vm.js:116:10),     at Module._compile (module.js:533:28),     at Object.Module._extensions..js (module.js:580:10),     at Module.load (module.js:503:32),     at tryModuleLoad (module.js:466:12),     at Function.Module._load (module.js:458:3),     at Module.require (module.js:513:17),     at require (internal/module.js:11:18),     at Object.<anonymous> (D:\Projects\mysite-angular-matdesign\app_api\models\db.js:6:18),     at Module._compile (module.js:569:30),     at Object.Module._extensions..js (module.js:580:10),     at Module.load (module.js:503:32),     at tryModuleLoad (module.js:466:12),     at Function.Module._load (module.js:458:3),     at Module.require (module.js:513:17)]
2017-10-03T22:59:28.931Z - error: [D:\Projects\mysite-angular-matdesign\server.js] uncaughtException: missing ) after argument list date=Wed Oct 04 2017 00:59:28 GMT+0200 (Mitteleuropäische Sommerzeit), pid=13200, uid=null, gid=null, cwd=D:\Projects\mysite-angular-matdesign, execPath=C:\Program Files\nodejs\node.exe, version=v8.2.1, argv=[C:\Program Files\nodejs\node.exe, D:\Projects\mysite-angular-matdesign\server.js], rss=52428800, heapTotal=34615296, heapUsed=22492272, external=18267945, loadavg=[0, 0, 0], uptime=92322.2051837, trace=[column=10, file=vm.js, function=createScript, line=74, method=null, native=false, column=10, file=vm.js, function=Object.runInThisContext, line=116, method=runInThisContext, native=false, column=28, file=module.js, function=Module._compile, line=533, method=_compile, native=false, column=10, file=module.js, function=Module._extensions..js, line=580, method=.js, native=false, column=32, file=module.js, function=Module.load, line=503, method=load, native=false, column=12, file=module.js, function=tryModuleLoad, line=466, method=null, native=false, column=3, file=module.js, function=Module._load, line=458, method=_load, native=false, column=17, file=module.js, function=Module.require, line=513, method=require, native=false, column=18, file=internal/module.js, function=require, line=11, method=null, native=false, column=18, file=D:\Projects\mysite-angular-matdesign\app_api\models\db.js, function=null, line=6, method=null, native=false, column=30, file=module.js, function=Module._compile, line=569, method=_compile, native=false, column=10, file=module.js, function=Module._extensions..js, line=580, method=.js, native=false, column=32, file=module.js, function=Module.load, line=503, method=load, native=false, column=12, file=module.js, function=tryModuleLoad, line=466, method=null, native=false, column=3, file=module.js, function=Module._load, line=458, method=_load, native=false, column=17, file=module.js, function=Module.require, line=513, method=require, native=false], stack=[D:\Projects\mysite-angular-matdesign\config\config-db.js:19,   obj = JSON.parse(fs.readFileSync(path.join(__dirname, 'config-db.json');,                                                                         ^, , SyntaxError: missing ) after argument list,     at createScript (vm.js:74:10),     at Object.runInThisContext (vm.js:116:10),     at Module._compile (module.js:533:28),     at Object.Module._extensions..js (module.js:580:10),     at Module.load (module.js:503:32),     at tryModuleLoad (module.js:466:12),     at Function.Module._load (module.js:458:3),     at Module.require (module.js:513:17),     at require (internal/module.js:11:18),     at Object.<anonymous> (D:\Projects\mysite-angular-matdesign\app_api\models\db.js:6:18),     at Module._compile (module.js:569:30),     at Object.Module._extensions..js (module.js:580:10),     at Module.load (module.js:503:32),     at tryModuleLoad (module.js:466:12),     at Function.Module._load (module.js:458:3),     at Module.require (module.js:513:17)]
2017-10-03T22:59:28.935Z - error: [D:\Projects\mysite-angular-matdesign\app_api\models\db.js] uncaughtException: missing ) after argument list date=Wed Oct 04 2017 00:59:28 GMT+0200 (Mitteleuropäische Sommerzeit), pid=13200, uid=null, gid=null, cwd=D:\Projects\mysite-angular-matdesign, execPath=C:\Program Files\nodejs\node.exe, version=v8.2.1, argv=[C:\Program Files\nodejs\node.exe, D:\Projects\mysite-angular-matdesign\server.js], rss=53583872, heapTotal=34615296, heapUsed=22729568, external=18267945, loadavg=[0, 0, 0], uptime=92322.2121811, trace=[column=10, file=vm.js, function=createScript, line=74, method=null, native=false, column=10, file=vm.js, function=Object.runInThisContext, line=116, method=runInThisContext, native=false, column=28, file=module.js, function=Module._compile, line=533, method=_compile, native=false, column=10, file=module.js, function=Module._extensions..js, line=580, method=.js, native=false, column=32, file=module.js, function=Module.load, line=503, method=load, native=false, column=12, file=module.js, function=tryModuleLoad, line=466, method=null, native=false, column=3, file=module.js, function=Module._load, line=458, method=_load, native=false, column=17, file=module.js, function=Module.require, line=513, method=require, native=false, column=18, file=internal/module.js, function=require, line=11, method=null, native=false, column=18, file=D:\Projects\mysite-angular-matdesign\app_api\models\db.js, function=null, line=6, method=null, native=false, column=30, file=module.js, function=Module._compile, line=569, method=_compile, native=false, column=10, file=module.js, function=Module._extensions..js, line=580, method=.js, native=false, column=32, file=module.js, function=Module.load, line=503, method=load, native=false, column=12, file=module.js, function=tryModuleLoad, line=466, method=null, native=false, column=3, file=module.js, function=Module._load, line=458, method=_load, native=false, column=17, file=module.js, function=Module.require, line=513, method=require, native=false], stack=[D:\Projects\mysite-angular-matdesign\config\config-db.js:19,   obj = JSON.parse(fs.readFileSync(path.join(__dirname, 'config-db.json');,                                                                         ^, , SyntaxError: missing ) after argument list,     at createScript (vm.js:74:10),     at Object.runInThisContext (vm.js:116:10),     at Module._compile (module.js:533:28),     at Object.Module._extensions..js (module.js:580:10),     at Module.load (module.js:503:32),     at tryModuleLoad (module.js:466:12),     at Function.Module._load (module.js:458:3),     at Module.require (module.js:513:17),     at require (internal/module.js:11:18),     at Object.<anonymous> (D:\Projects\mysite-angular-matdesign\app_api\models\db.js:6:18),     at Module._compile (module.js:569:30),     at Object.Module._extensions..js (module.js:580:10),     at Module.load (module.js:503:32),     at tryModuleLoad (module.js:466:12),     at Function.Module._load (module.js:458:3),     at Module.require (module.js:513:17)]
2017-10-03T23:00:24.877Z - error: [D:\Projects\mysite-angular-matdesign\server.js] uncaughtException: configDb is not defined date=Wed Oct 04 2017 01:00:24 GMT+0200 (Mitteleuropäische Sommerzeit), pid=19592, uid=null, gid=null, cwd=D:\Projects\mysite-angular-matdesign, execPath=C:\Program Files\nodejs\node.exe, version=v8.2.1, argv=[C:\Program Files\nodejs\node.exe, D:\Projects\mysite-angular-matdesign\server.js], rss=52506624, heapTotal=34615296, heapUsed=22454992, external=18259756, loadavg=[0, 0, 0], uptime=92378.1496276, trace=[column=13, file=D:\Projects\mysite-angular-matdesign\app_api\models\db.js, function=null, line=28, method=null, native=false, column=30, file=module.js, function=Module._compile, line=569, method=_compile, native=false, column=10, file=module.js, function=Module._extensions..js, line=580, method=.js, native=false, column=32, file=module.js, function=Module.load, line=503, method=load, native=false, column=12, file=module.js, function=tryModuleLoad, line=466, method=null, native=false, column=3, file=module.js, function=Module._load, line=458, method=_load, native=false, column=17, file=module.js, function=Module.require, line=513, method=require, native=false, column=18, file=internal/module.js, function=require, line=11, method=null, native=false, column=1, file=D:\Projects\mysite-angular-matdesign\server.js, function=null, line=17, method=null, native=false, column=30, file=module.js, function=Module._compile, line=569, method=_compile, native=false, column=10, file=module.js, function=Module._extensions..js, line=580, method=.js, native=false, column=32, file=module.js, function=Module.load, line=503, method=load, native=false, column=12, file=module.js, function=tryModuleLoad, line=466, method=null, native=false, column=3, file=module.js, function=Module._load, line=458, method=_load, native=false, column=10, file=module.js, function=Module.runMain, line=605, method=runMain, native=false, column=16, file=bootstrap_node.js, function=startup, line=158, method=null, native=false], stack=[ReferenceError: configDb is not defined,     at Object.<anonymous> (D:\Projects\mysite-angular-matdesign\app_api\models\db.js:28:13),     at Module._compile (module.js:569:30),     at Object.Module._extensions..js (module.js:580:10),     at Module.load (module.js:503:32),     at tryModuleLoad (module.js:466:12),     at Function.Module._load (module.js:458:3),     at Module.require (module.js:513:17),     at require (internal/module.js:11:18),     at Object.<anonymous> (D:\Projects\mysite-angular-matdesign\server.js:17:1),     at Module._compile (module.js:569:30),     at Object.Module._extensions..js (module.js:580:10),     at Module.load (module.js:503:32),     at tryModuleLoad (module.js:466:12),     at Function.Module._load (module.js:458:3),     at Function.Module.runMain (module.js:605:10),     at startup (bootstrap_node.js:158:16)]
2017-10-03T23:00:24.881Z - error: [D:\Projects\mysite-angular-matdesign\app_api\models\db.js] uncaughtException: configDb is not defined date=Wed Oct 04 2017 01:00:24 GMT+0200 (Mitteleuropäische Sommerzeit), pid=19592, uid=null, gid=null, cwd=D:\Projects\mysite-angular-matdesign, execPath=C:\Program Files\nodejs\node.exe, version=v8.2.1, argv=[C:\Program Files\nodejs\node.exe, D:\Projects\mysite-angular-matdesign\server.js], rss=53653504, heapTotal=34615296, heapUsed=22712240, external=18259756, loadavg=[0, 0, 0], uptime=92378.1589217, trace=[column=13, file=D:\Projects\mysite-angular-matdesign\app_api\models\db.js, function=null, line=28, method=null, native=false, column=30, file=module.js, function=Module._compile, line=569, method=_compile, native=false, column=10, file=module.js, function=Module._extensions..js, line=580, method=.js, native=false, column=32, file=module.js, function=Module.load, line=503, method=load, native=false, column=12, file=module.js, function=tryModuleLoad, line=466, method=null, native=false, column=3, file=module.js, function=Module._load, line=458, method=_load, native=false, column=17, file=module.js, function=Module.require, line=513, method=require, native=false, column=18, file=internal/module.js, function=require, line=11, method=null, native=false, column=1, file=D:\Projects\mysite-angular-matdesign\server.js, function=null, line=17, method=null, native=false, column=30, file=module.js, function=Module._compile, line=569, method=_compile, native=false, column=10, file=module.js, function=Module._extensions..js, line=580, method=.js, native=false, column=32, file=module.js, function=Module.load, line=503, method=load, native=false, column=12, file=module.js, function=tryModuleLoad, line=466, method=null, native=false, column=3, file=module.js, function=Module._load, line=458, method=_load, native=false, column=10, file=module.js, function=Module.runMain, line=605, method=runMain, native=false, column=16, file=bootstrap_node.js, function=startup, line=158, method=null, native=false], stack=[ReferenceError: configDb is not defined,     at Object.<anonymous> (D:\Projects\mysite-angular-matdesign\app_api\models\db.js:28:13),     at Module._compile (module.js:569:30),     at Object.Module._extensions..js (module.js:580:10),     at Module.load (module.js:503:32),     at tryModuleLoad (module.js:466:12),     at Function.Module._load (module.js:458:3),     at Module.require (module.js:513:17),     at require (internal/module.js:11:18),     at Object.<anonymous> (D:\Projects\mysite-angular-matdesign\server.js:17:1),     at Module._compile (module.js:569:30),     at Object.Module._extensions..js (module.js:580:10),     at Module.load (module.js:503:32),     at tryModuleLoad (module.js:466:12),     at Function.Module._load (module.js:458:3),     at Function.Module.runMain (module.js:605:10),     at startup (bootstrap_node.js:158:16)]
2017-10-03T23:01:29.728Z - info: [D:\Projects\mysite-angular-matdesign\app_api\models\db.js] Application running on win32
2017-10-03T23:01:29.761Z - info: [D:\Projects\mysite-angular-matdesign\server.js] API running on localhost:3000
2017-10-03T23:01:30.244Z - info: [D:\Projects\mysite-angular-matdesign\app_api\models\db.js] Mongoose connected to mongodb://admin:marusja14011980@ds159254.mlab.com:59254/loc8r
2017-10-03T23:02:24.540Z - info: [D:\Projects\mysite-angular-matdesign\app_api\models\db.js] Mongoose disconnected
2017-10-03T23:02:44.287Z - error: [D:\Projects\mysite-angular-matdesign\server.js] uncaughtException: missing ) after argument list date=Wed Oct 04 2017 01:02:44 GMT+0200 (Mitteleuropäische Sommerzeit), pid=19864, uid=null, gid=null, cwd=D:\Projects\mysite-angular-matdesign, execPath=C:\Program Files\nodejs\node.exe, version=v8.2.1, argv=[C:\Program Files\nodejs\node.exe, D:\Projects\mysite-angular-matdesign\server.js], rss=52494336, heapTotal=34615296, heapUsed=22492088, external=18267882, loadavg=[0, 0, 0], uptime=92517.5605114, trace=[column=10, file=vm.js, function=createScript, line=74, method=null, native=false, column=10, file=vm.js, function=Object.runInThisContext, line=116, method=runInThisContext, native=false, column=28, file=module.js, function=Module._compile, line=533, method=_compile, native=false, column=10, file=module.js, function=Module._extensions..js, line=580, method=.js, native=false, column=32, file=module.js, function=Module.load, line=503, method=load, native=false, column=12, file=module.js, function=tryModuleLoad, line=466, method=null, native=false, column=3, file=module.js, function=Module._load, line=458, method=_load, native=false, column=17, file=module.js, function=Module.require, line=513, method=require, native=false, column=18, file=internal/module.js, function=require, line=11, method=null, native=false, column=18, file=D:\Projects\mysite-angular-matdesign\app_api\models\db.js, function=null, line=6, method=null, native=false, column=30, file=module.js, function=Module._compile, line=569, method=_compile, native=false, column=10, file=module.js, function=Module._extensions..js, line=580, method=.js, native=false, column=32, file=module.js, function=Module.load, line=503, method=load, native=false, column=12, file=module.js, function=tryModuleLoad, line=466, method=null, native=false, column=3, file=module.js, function=Module._load, line=458, method=_load, native=false, column=17, file=module.js, function=Module.require, line=513, method=require, native=false], stack=[D:\Projects\mysite-angular-matdesign\config\config-db.js:19,   obj = JSON.parse(fs.readFileSync(path.join(__dirname, 'config-db.json');,                                                                         ^, , SyntaxError: missing ) after argument list,     at createScript (vm.js:74:10),     at Object.runInThisContext (vm.js:116:10),     at Module._compile (module.js:533:28),     at Object.Module._extensions..js (module.js:580:10),     at Module.load (module.js:503:32),     at tryModuleLoad (module.js:466:12),     at Function.Module._load (module.js:458:3),     at Module.require (module.js:513:17),     at require (internal/module.js:11:18),     at Object.<anonymous> (D:\Projects\mysite-angular-matdesign\app_api\models\db.js:6:18),     at Module._compile (module.js:569:30),     at Object.Module._extensions..js (module.js:580:10),     at Module.load (module.js:503:32),     at tryModuleLoad (module.js:466:12),     at Function.Module._load (module.js:458:3),     at Module.require (module.js:513:17)]
2017-10-03T23:02:44.292Z - error: [D:\Projects\mysite-angular-matdesign\app_api\models\db.js] uncaughtException: missing ) after argument list date=Wed Oct 04 2017 01:02:44 GMT+0200 (Mitteleuropäische Sommerzeit), pid=19864, uid=null, gid=null, cwd=D:\Projects\mysite-angular-matdesign, execPath=C:\Program Files\nodejs\node.exe, version=v8.2.1, argv=[C:\Program Files\nodejs\node.exe, D:\Projects\mysite-angular-matdesign\server.js], rss=53542912, heapTotal=34615296, heapUsed=22729424, external=18267882, loadavg=[0, 0, 0], uptime=92517.5695349, trace=[column=10, file=vm.js, function=createScript, line=74, method=null, native=false, column=10, file=vm.js, function=Object.runInThisContext, line=116, method=runInThisContext, native=false, column=28, file=module.js, function=Module._compile, line=533, method=_compile, native=false, column=10, file=module.js, function=Module._extensions..js, line=580, method=.js, native=false, column=32, file=module.js, function=Module.load, line=503, method=load, native=false, column=12, file=module.js, function=tryModuleLoad, line=466, method=null, native=false, column=3, file=module.js, function=Module._load, line=458, method=_load, native=false, column=17, file=module.js, function=Module.require, line=513, method=require, native=false, column=18, file=internal/module.js, function=require, line=11, method=null, native=false, column=18, file=D:\Projects\mysite-angular-matdesign\app_api\models\db.js, function=null, line=6, method=null, native=false, column=30, file=module.js, function=Module._compile, line=569, method=_compile, native=false, column=10, file=module.js, function=Module._extensions..js, line=580, method=.js, native=false, column=32, file=module.js, function=Module.load, line=503, method=load, native=false, column=12, file=module.js, function=tryModuleLoad, line=466, method=null, native=false, column=3, file=module.js, function=Module._load, line=458, method=_load, native=false, column=17, file=module.js, function=Module.require, line=513, method=require, native=false], stack=[D:\Projects\mysite-angular-matdesign\config\config-db.js:19,   obj = JSON.parse(fs.readFileSync(path.join(__dirname, 'config-db.json');,                                                                         ^, , SyntaxError: missing ) after argument list,     at createScript (vm.js:74:10),     at Object.runInThisContext (vm.js:116:10),     at Module._compile (module.js:533:28),     at Object.Module._extensions..js (module.js:580:10),     at Module.load (module.js:503:32),     at tryModuleLoad (module.js:466:12),     at Function.Module._load (module.js:458:3),     at Module.require (module.js:513:17),     at require (internal/module.js:11:18),     at Object.<anonymous> (D:\Projects\mysite-angular-matdesign\app_api\models\db.js:6:18),     at Module._compile (module.js:569:30),     at Object.Module._extensions..js (module.js:580:10),     at Module.load (module.js:503:32),     at tryModuleLoad (module.js:466:12),     at Function.Module._load (module.js:458:3),     at Module.require (module.js:513:17)]
2017-10-03T23:04:21.729Z - error: [D:\Projects\mysite-angular-matdesign\server.js] uncaughtException: missing ) after argument list date=Wed Oct 04 2017 01:04:21 GMT+0200 (Mitteleuropäische Sommerzeit), pid=21932, uid=null, gid=null, cwd=D:\Projects\mysite-angular-matdesign, execPath=C:\Program Files\nodejs\node.exe, version=v8.2.1, argv=[C:\Program Files\nodejs\node.exe, D:\Projects\mysite-angular-matdesign\server.js], rss=52690944, heapTotal=34615296, heapUsed=22488160, external=18267882, loadavg=[0, 0, 0], uptime=92615.0026164, trace=[column=10, file=vm.js, function=createScript, line=74, method=null, native=false, column=10, file=vm.js, function=Object.runInThisContext, line=116, method=runInThisContext, native=false, column=28, file=module.js, function=Module._compile, line=533, method=_compile, native=false, column=10, file=module.js, function=Module._extensions..js, line=580, method=.js, native=false, column=32, file=module.js, function=Module.load, line=503, method=load, native=false, column=12, file=module.js, function=tryModuleLoad, line=466, method=null, native=false, column=3, file=module.js, function=Module._load, line=458, method=_load, native=false, column=17, file=module.js, function=Module.require, line=513, method=require, native=false, column=18, file=internal/module.js, function=require, line=11, method=null, native=false, column=18, file=D:\Projects\mysite-angular-matdesign\app_api\models\db.js, function=null, line=6, method=null, native=false, column=30, file=module.js, function=Module._compile, line=569, method=_compile, native=false, column=10, file=module.js, function=Module._extensions..js, line=580, method=.js, native=false, column=32, file=module.js, function=Module.load, line=503, method=load, native=false, column=12, file=module.js, function=tryModuleLoad, line=466, method=null, native=false, column=3, file=module.js, function=Module._load, line=458, method=_load, native=false, column=17, file=module.js, function=Module.require, line=513, method=require, native=false], stack=[D:\Projects\mysite-angular-matdesign\config\config-db.js:19,   obj = JSON.parse(fs.readFileSync(path.join(__dirname, 'config-db.json');,                                                                         ^, , SyntaxError: missing ) after argument list,     at createScript (vm.js:74:10),     at Object.runInThisContext (vm.js:116:10),     at Module._compile (module.js:533:28),     at Object.Module._extensions..js (module.js:580:10),     at Module.load (module.js:503:32),     at tryModuleLoad (module.js:466:12),     at Function.Module._load (module.js:458:3),     at Module.require (module.js:513:17),     at require (internal/module.js:11:18),     at Object.<anonymous> (D:\Projects\mysite-angular-matdesign\app_api\models\db.js:6:18),     at Module._compile (module.js:569:30),     at Object.Module._extensions..js (module.js:580:10),     at Module.load (module.js:503:32),     at tryModuleLoad (module.js:466:12),     at Function.Module._load (module.js:458:3),     at Module.require (module.js:513:17)]
2017-10-03T23:04:21.734Z - error: [D:\Projects\mysite-angular-matdesign\app_api\models\db.js] uncaughtException: missing ) after argument list date=Wed Oct 04 2017 01:04:21 GMT+0200 (Mitteleuropäische Sommerzeit), pid=21932, uid=null, gid=null, cwd=D:\Projects\mysite-angular-matdesign, execPath=C:\Program Files\nodejs\node.exe, version=v8.2.1, argv=[C:\Program Files\nodejs\node.exe, D:\Projects\mysite-angular-matdesign\server.js], rss=53686272, heapTotal=34615296, heapUsed=22725456, external=18267882, loadavg=[0, 0, 0], uptime=92615.0116413, trace=[column=10, file=vm.js, function=createScript, line=74, method=null, native=false, column=10, file=vm.js, function=Object.runInThisContext, line=116, method=runInThisContext, native=false, column=28, file=module.js, function=Module._compile, line=533, method=_compile, native=false, column=10, file=module.js, function=Module._extensions..js, line=580, method=.js, native=false, column=32, file=module.js, function=Module.load, line=503, method=load, native=false, column=12, file=module.js, function=tryModuleLoad, line=466, method=null, native=false, column=3, file=module.js, function=Module._load, line=458, method=_load, native=false, column=17, file=module.js, function=Module.require, line=513, method=require, native=false, column=18, file=internal/module.js, function=require, line=11, method=null, native=false, column=18, file=D:\Projects\mysite-angular-matdesign\app_api\models\db.js, function=null, line=6, method=null, native=false, column=30, file=module.js, function=Module._compile, line=569, method=_compile, native=false, column=10, file=module.js, function=Module._extensions..js, line=580, method=.js, native=false, column=32, file=module.js, function=Module.load, line=503, method=load, native=false, column=12, file=module.js, function=tryModuleLoad, line=466, method=null, native=false, column=3, file=module.js, function=Module._load, line=458, method=_load, native=false, column=17, file=module.js, function=Module.require, line=513, method=require, native=false], stack=[D:\Projects\mysite-angular-matdesign\config\config-db.js:19,   obj = JSON.parse(fs.readFileSync(path.join(__dirname, 'config-db.json');,                                                                         ^, , SyntaxError: missing ) after argument list,     at createScript (vm.js:74:10),     at Object.runInThisContext (vm.js:116:10),     at Module._compile (module.js:533:28),     at Object.Module._extensions..js (module.js:580:10),     at Module.load (module.js:503:32),     at tryModuleLoad (module.js:466:12),     at Function.Module._load (module.js:458:3),     at Module.require (module.js:513:17),     at require (internal/module.js:11:18),     at Object.<anonymous> (D:\Projects\mysite-angular-matdesign\app_api\models\db.js:6:18),     at Module._compile (module.js:569:30),     at Object.Module._extensions..js (module.js:580:10),     at Module.load (module.js:503:32),     at tryModuleLoad (module.js:466:12),     at Function.Module._load (module.js:458:3),     at Module.require (module.js:513:17)]
2017-10-03T23:14:10.640Z - error: [D:\Projects\mysite-angular-matdesign\server.js] uncaughtException: missing ) after argument list date=Wed Oct 04 2017 01:14:10 GMT+0200 (Mitteleuropäische Sommerzeit), pid=19104, uid=null, gid=null, cwd=D:\Projects\mysite-angular-matdesign, execPath=C:\Program Files\nodejs\node.exe, version=v8.2.1, argv=[C:\Program Files\nodejs\node.exe, D:\Projects\mysite-angular-matdesign\server.js], rss=52502528, heapTotal=34615296, heapUsed=22518712, external=18267882, loadavg=[0, 0, 0], uptime=93203.9149472, trace=[column=10, file=vm.js, function=createScript, line=74, method=null, native=false, column=10, file=vm.js, function=Object.runInThisContext, line=116, method=runInThisContext, native=false, column=28, file=module.js, function=Module._compile, line=533, method=_compile, native=false, column=10, file=module.js, function=Module._extensions..js, line=580, method=.js, native=false, column=32, file=module.js, function=Module.load, line=503, method=load, native=false, column=12, file=module.js, function=tryModuleLoad, line=466, method=null, native=false, column=3, file=module.js, function=Module._load, line=458, method=_load, native=false, column=17, file=module.js, function=Module.require, line=513, method=require, native=false, column=18, file=internal/module.js, function=require, line=11, method=null, native=false, column=18, file=D:\Projects\mysite-angular-matdesign\app_api\models\db.js, function=null, line=6, method=null, native=false, column=30, file=module.js, function=Module._compile, line=569, method=_compile, native=false, column=10, file=module.js, function=Module._extensions..js, line=580, method=.js, native=false, column=32, file=module.js, function=Module.load, line=503, method=load, native=false, column=12, file=module.js, function=tryModuleLoad, line=466, method=null, native=false, column=3, file=module.js, function=Module._load, line=458, method=_load, native=false, column=17, file=module.js, function=Module.require, line=513, method=require, native=false], stack=[D:\Projects\mysite-angular-matdesign\config\config-db.js:20,   obj = JSON.parse(fs.readFileSync(path.join(__dirname, 'config-db.json');,                                                                         ^, , SyntaxError: missing ) after argument list,     at createScript (vm.js:74:10),     at Object.runInThisContext (vm.js:116:10),     at Module._compile (module.js:533:28),     at Object.Module._extensions..js (module.js:580:10),     at Module.load (module.js:503:32),     at tryModuleLoad (module.js:466:12),     at Function.Module._load (module.js:458:3),     at Module.require (module.js:513:17),     at require (internal/module.js:11:18),     at Object.<anonymous> (D:\Projects\mysite-angular-matdesign\app_api\models\db.js:6:18),     at Module._compile (module.js:569:30),     at Object.Module._extensions..js (module.js:580:10),     at Module.load (module.js:503:32),     at tryModuleLoad (module.js:466:12),     at Function.Module._load (module.js:458:3),     at Module.require (module.js:513:17)]
2017-10-03T23:14:10.644Z - error: [D:\Projects\mysite-angular-matdesign\app_api\models\db.js] uncaughtException: missing ) after argument list date=Wed Oct 04 2017 01:14:10 GMT+0200 (Mitteleuropäische Sommerzeit), pid=19104, uid=null, gid=null, cwd=D:\Projects\mysite-angular-matdesign, execPath=C:\Program Files\nodejs\node.exe, version=v8.2.1, argv=[C:\Program Files\nodejs\node.exe, D:\Projects\mysite-angular-matdesign\server.js], rss=53518336, heapTotal=34615296, heapUsed=22756048, external=18267882, loadavg=[0, 0, 0], uptime=93203.9219022, trace=[column=10, file=vm.js, function=createScript, line=74, method=null, native=false, column=10, file=vm.js, function=Object.runInThisContext, line=116, method=runInThisContext, native=false, column=28, file=module.js, function=Module._compile, line=533, method=_compile, native=false, column=10, file=module.js, function=Module._extensions..js, line=580, method=.js, native=false, column=32, file=module.js, function=Module.load, line=503, method=load, native=false, column=12, file=module.js, function=tryModuleLoad, line=466, method=null, native=false, column=3, file=module.js, function=Module._load, line=458, method=_load, native=false, column=17, file=module.js, function=Module.require, line=513, method=require, native=false, column=18, file=internal/module.js, function=require, line=11, method=null, native=false, column=18, file=D:\Projects\mysite-angular-matdesign\app_api\models\db.js, function=null, line=6, method=null, native=false, column=30, file=module.js, function=Module._compile, line=569, method=_compile, native=false, column=10, file=module.js, function=Module._extensions..js, line=580, method=.js, native=false, column=32, file=module.js, function=Module.load, line=503, method=load, native=false, column=12, file=module.js, function=tryModuleLoad, line=466, method=null, native=false, column=3, file=module.js, function=Module._load, line=458, method=_load, native=false, column=17, file=module.js, function=Module.require, line=513, method=require, native=false], stack=[D:\Projects\mysite-angular-matdesign\config\config-db.js:20,   obj = JSON.parse(fs.readFileSync(path.join(__dirname, 'config-db.json');,                                                                         ^, , SyntaxError: missing ) after argument list,     at createScript (vm.js:74:10),     at Object.runInThisContext (vm.js:116:10),     at Module._compile (module.js:533:28),     at Object.Module._extensions..js (module.js:580:10),     at Module.load (module.js:503:32),     at tryModuleLoad (module.js:466:12),     at Function.Module._load (module.js:458:3),     at Module.require (module.js:513:17),     at require (internal/module.js:11:18),     at Object.<anonymous> (D:\Projects\mysite-angular-matdesign\app_api\models\db.js:6:18),     at Module._compile (module.js:569:30),     at Object.Module._extensions..js (module.js:580:10),     at Module.load (module.js:503:32),     at tryModuleLoad (module.js:466:12),     at Function.Module._load (module.js:458:3),     at Module.require (module.js:513:17)]
2017-10-04T08:43:20.664Z - error: [D:\Projects\mysite-angular-matdesign\server.js] uncaughtException: Unexpected token ; date=Wed Oct 04 2017 10:43:20 GMT+0200 (Mitteleuropäische Sommerzeit), pid=22364, uid=null, gid=null, cwd=D:\Projects\mysite-angular-matdesign, execPath=C:\Program Files\nodejs\node.exe, version=v8.2.1, argv=[C:\Program Files\nodejs\node.exe, D:\Projects\mysite-angular-matdesign\server.js], rss=52023296, heapTotal=36712448, heapUsed=18864688, external=18267882, loadavg=[0, 0, 0], uptime=127353.9399892, trace=[column=10, file=vm.js, function=createScript, line=74, method=null, native=false, column=10, file=vm.js, function=Object.runInThisContext, line=116, method=runInThisContext, native=false, column=28, file=module.js, function=Module._compile, line=533, method=_compile, native=false, column=10, file=module.js, function=Module._extensions..js, line=580, method=.js, native=false, column=32, file=module.js, function=Module.load, line=503, method=load, native=false, column=12, file=module.js, function=tryModuleLoad, line=466, method=null, native=false, column=3, file=module.js, function=Module._load, line=458, method=_load, native=false, column=17, file=module.js, function=Module.require, line=513, method=require, native=false, column=18, file=internal/module.js, function=require, line=11, method=null, native=false, column=18, file=D:\Projects\mysite-angular-matdesign\app_api\models\db.js, function=null, line=6, method=null, native=false, column=30, file=module.js, function=Module._compile, line=569, method=_compile, native=false, column=10, file=module.js, function=Module._extensions..js, line=580, method=.js, native=false, column=32, file=module.js, function=Module.load, line=503, method=load, native=false, column=12, file=module.js, function=tryModuleLoad, line=466, method=null, native=false, column=3, file=module.js, function=Module._load, line=458, method=_load, native=false, column=17, file=module.js, function=Module.require, line=513, method=require, native=false], stack=[D:\Projects\mysite-angular-matdesign\config\config-db.js:30,   url: 'mongodb://admin:marusja14011980@ds159254.mlab.com:59254/loc8r';,                                                                       ^, , SyntaxError: Unexpected token ;,     at createScript (vm.js:74:10),     at Object.runInThisContext (vm.js:116:10),     at Module._compile (module.js:533:28),     at Object.Module._extensions..js (module.js:580:10),     at Module.load (module.js:503:32),     at tryModuleLoad (module.js:466:12),     at Function.Module._load (module.js:458:3),     at Module.require (module.js:513:17),     at require (internal/module.js:11:18),     at Object.<anonymous> (D:\Projects\mysite-angular-matdesign\app_api\models\db.js:6:18),     at Module._compile (module.js:569:30),     at Object.Module._extensions..js (module.js:580:10),     at Module.load (module.js:503:32),     at tryModuleLoad (module.js:466:12),     at Function.Module._load (module.js:458:3),     at Module.require (module.js:513:17)]
2017-10-04T08:43:20.669Z - error: [D:\Projects\mysite-angular-matdesign\app_api\models\db.js] uncaughtException: Unexpected token ; date=Wed Oct 04 2017 10:43:20 GMT+0200 (Mitteleuropäische Sommerzeit), pid=22364, uid=null, gid=null, cwd=D:\Projects\mysite-angular-matdesign, execPath=C:\Program Files\nodejs\node.exe, version=v8.2.1, argv=[C:\Program Files\nodejs\node.exe, D:\Projects\mysite-angular-matdesign\server.js], rss=52944896, heapTotal=36712448, heapUsed=19103680, external=18267882, loadavg=[0, 0, 0], uptime=127353.9465118, trace=[column=10, file=vm.js, function=createScript, line=74, method=null, native=false, column=10, file=vm.js, function=Object.runInThisContext, line=116, method=runInThisContext, native=false, column=28, file=module.js, function=Module._compile, line=533, method=_compile, native=false, column=10, file=module.js, function=Module._extensions..js, line=580, method=.js, native=false, column=32, file=module.js, function=Module.load, line=503, method=load, native=false, column=12, file=module.js, function=tryModuleLoad, line=466, method=null, native=false, column=3, file=module.js, function=Module._load, line=458, method=_load, native=false, column=17, file=module.js, function=Module.require, line=513, method=require, native=false, column=18, file=internal/module.js, function=require, line=11, method=null, native=false, column=18, file=D:\Projects\mysite-angular-matdesign\app_api\models\db.js, function=null, line=6, method=null, native=false, column=30, file=module.js, function=Module._compile, line=569, method=_compile, native=false, column=10, file=module.js, function=Module._extensions..js, line=580, method=.js, native=false, column=32, file=module.js, function=Module.load, line=503, method=load, native=false, column=12, file=module.js, function=tryModuleLoad, line=466, method=null, native=false, column=3, file=module.js, function=Module._load, line=458, method=_load, native=false, column=17, file=module.js, function=Module.require, line=513, method=require, native=false], stack=[D:\Projects\mysite-angular-matdesign\config\config-db.js:30,   url: 'mongodb://admin:marusja14011980@ds159254.mlab.com:59254/loc8r';,                                                                       ^, , SyntaxError: Unexpected token ;,     at createScript (vm.js:74:10),     at Object.runInThisContext (vm.js:116:10),     at Module._compile (module.js:533:28),     at Object.Module._extensions..js (module.js:580:10),     at Module.load (module.js:503:32),     at tryModuleLoad (module.js:466:12),     at Function.Module._load (module.js:458:3),     at Module.require (module.js:513:17),     at require (internal/module.js:11:18),     at Object.<anonymous> (D:\Projects\mysite-angular-matdesign\app_api\models\db.js:6:18),     at Module._compile (module.js:569:30),     at Object.Module._extensions..js (module.js:580:10),     at Module.load (module.js:503:32),     at tryModuleLoad (module.js:466:12),     at Function.Module._load (module.js:458:3),     at Module.require (module.js:513:17)]
2017-10-04T08:45:14.653Z - info: [D:\Projects\mysite-angular-matdesign\app_api\models\db.js] Application running on win32
2017-10-04T08:45:14.821Z - info: [D:\Projects\mysite-angular-matdesign\server.js] API running on localhost:3000
2017-10-04T08:45:16.492Z - info: [D:\Projects\mysite-angular-matdesign\app_api\models\db.js] Mongoose connected to mongodb://admin:marusja14011980@ds159254.mlab.com:59254/loc8r
2017-10-04T08:46:16.679Z - info: [D:\Projects\mysite-angular-matdesign\app_api\models\db.js] Mongoose disconnected
2017-10-04T08:46:37.131Z - error: [D:\Projects\mysite-angular-matdesign\server.js] uncaughtException: missing ) after argument list date=Wed Oct 04 2017 10:46:37 GMT+0200 (Mitteleuropäische Sommerzeit), pid=19272, uid=null, gid=null, cwd=D:\Projects\mysite-angular-matdesign, execPath=C:\Program Files\nodejs\node.exe, version=v8.2.1, argv=[C:\Program Files\nodejs\node.exe, D:\Projects\mysite-angular-matdesign\server.js], rss=52523008, heapTotal=34615296, heapUsed=22730488, external=18283427, loadavg=[0, 0, 0], uptime=127550.4063522, trace=[column=10, file=vm.js, function=createScript, line=74, method=null, native=false, column=10, file=vm.js, function=Object.runInThisContext, line=116, method=runInThisContext, native=false, column=28, file=module.js, function=Module._compile, line=533, method=_compile, native=false, column=10, file=module.js, function=Module._extensions..js, line=580, method=.js, native=false, column=32, file=module.js, function=Module.load, line=503, method=load, native=false, column=12, file=module.js, function=tryModuleLoad, line=466, method=null, native=false, column=3, file=module.js, function=Module._load, line=458, method=_load, native=false, column=17, file=module.js, function=Module.require, line=513, method=require, native=false, column=18, file=internal/module.js, function=require, line=11, method=null, native=false, column=18, file=D:\Projects\mysite-angular-matdesign\app_api\models\db.js, function=null, line=6, method=null, native=false, column=30, file=module.js, function=Module._compile, line=569, method=_compile, native=false, column=10, file=module.js, function=Module._extensions..js, line=580, method=.js, native=false, column=32, file=module.js, function=Module.load, line=503, method=load, native=false, column=12, file=module.js, function=tryModuleLoad, line=466, method=null, native=false, column=3, file=module.js, function=Module._load, line=458, method=_load, native=false, column=17, file=module.js, function=Module.require, line=513, method=require, native=false], stack=[D:\Projects\mysite-angular-matdesign\config\config-db.js:19,   obj = JSON.parse(fs.readFileSync(path.join(__dirname, 'config-db.json');,                                                                         ^, , SyntaxError: missing ) after argument list,     at createScript (vm.js:74:10),     at Object.runInThisContext (vm.js:116:10),     at Module._compile (module.js:533:28),     at Object.Module._extensions..js (module.js:580:10),     at Module.load (module.js:503:32),     at tryModuleLoad (module.js:466:12),     at Function.Module._load (module.js:458:3),     at Module.require (module.js:513:17),     at require (internal/module.js:11:18),     at Object.<anonymous> (D:\Projects\mysite-angular-matdesign\app_api\models\db.js:6:18),     at Module._compile (module.js:569:30),     at Object.Module._extensions..js (module.js:580:10),     at Module.load (module.js:503:32),     at tryModuleLoad (module.js:466:12),     at Function.Module._load (module.js:458:3),     at Module.require (module.js:513:17)]
2017-10-04T08:46:37.139Z - error: [D:\Projects\mysite-angular-matdesign\app_api\models\db.js] uncaughtException: missing ) after argument list date=Wed Oct 04 2017 10:46:37 GMT+0200 (Mitteleuropäische Sommerzeit), pid=19272, uid=null, gid=null, cwd=D:\Projects\mysite-angular-matdesign, execPath=C:\Program Files\nodejs\node.exe, version=v8.2.1, argv=[C:\Program Files\nodejs\node.exe, D:\Projects\mysite-angular-matdesign\server.js], rss=53653504, heapTotal=34615296, heapUsed=22967840, external=18283427, loadavg=[0, 0, 0], uptime=127550.4153756, trace=[column=10, file=vm.js, function=createScript, line=74, method=null, native=false, column=10, file=vm.js, function=Object.runInThisContext, line=116, method=runInThisContext, native=false, column=28, file=module.js, function=Module._compile, line=533, method=_compile, native=false, column=10, file=module.js, function=Module._extensions..js, line=580, method=.js, native=false, column=32, file=module.js, function=Module.load, line=503, method=load, native=false, column=12, file=module.js, function=tryModuleLoad, line=466, method=null, native=false, column=3, file=module.js, function=Module._load, line=458, method=_load, native=false, column=17, file=module.js, function=Module.require, line=513, method=require, native=false, column=18, file=internal/module.js, function=require, line=11, method=null, native=false, column=18, file=D:\Projects\mysite-angular-matdesign\app_api\models\db.js, function=null, line=6, method=null, native=false, column=30, file=module.js, function=Module._compile, line=569, method=_compile, native=false, column=10, file=module.js, function=Module._extensions..js, line=580, method=.js, native=false, column=32, file=module.js, function=Module.load, line=503, method=load, native=false, column=12, file=module.js, function=tryModuleLoad, line=466, method=null, native=false, column=3, file=module.js, function=Module._load, line=458, method=_load, native=false, column=17, file=module.js, function=Module.require, line=513, method=require, native=false], stack=[D:\Projects\mysite-angular-matdesign\config\config-db.js:19,   obj = JSON.parse(fs.readFileSync(path.join(__dirname, 'config-db.json');,                                                                         ^, , SyntaxError: missing ) after argument list,     at createScript (vm.js:74:10),     at Object.runInThisContext (vm.js:116:10),     at Module._compile (module.js:533:28),     at Object.Module._extensions..js (module.js:580:10),     at Module.load (module.js:503:32),     at tryModuleLoad (module.js:466:12),     at Function.Module._load (module.js:458:3),     at Module.require (module.js:513:17),     at require (internal/module.js:11:18),     at Object.<anonymous> (D:\Projects\mysite-angular-matdesign\app_api\models\db.js:6:18),     at Module._compile (module.js:569:30),     at Object.Module._extensions..js (module.js:580:10),     at Module.load (module.js:503:32),     at tryModuleLoad (module.js:466:12),     at Function.Module._load (module.js:458:3),     at Module.require (module.js:513:17)]
2017-10-04T08:50:22.236Z - error: [D:\Projects\mysite-angular-matdesign\server.js] uncaughtException: missing ) after argument list date=Wed Oct 04 2017 10:50:22 GMT+0200 (Mitteleuropäische Sommerzeit), pid=5180, uid=null, gid=null, cwd=D:\Projects\mysite-angular-matdesign, execPath=C:\Program Files\nodejs\node.exe, version=v8.2.1, argv=[C:\Program Files\nodejs\node.exe, D:\Projects\mysite-angular-matdesign\server.js], rss=52477952, heapTotal=34615296, heapUsed=22487184, external=18267882, loadavg=[0, 0, 0], uptime=127775.5107722, trace=[column=10, file=vm.js, function=createScript, line=74, method=null, native=false, column=10, file=vm.js, function=Object.runInThisContext, line=116, method=runInThisContext, native=false, column=28, file=module.js, function=Module._compile, line=533, method=_compile, native=false, column=10, file=module.js, function=Module._extensions..js, line=580, method=.js, native=false, column=32, file=module.js, function=Module.load, line=503, method=load, native=false, column=12, file=module.js, function=tryModuleLoad, line=466, method=null, native=false, column=3, file=module.js, function=Module._load, line=458, method=_load, native=false, column=17, file=module.js, function=Module.require, line=513, method=require, native=false, column=18, file=internal/module.js, function=require, line=11, method=null, native=false, column=18, file=D:\Projects\mysite-angular-matdesign\app_api\models\db.js, function=null, line=6, method=null, native=false, column=30, file=module.js, function=Module._compile, line=569, method=_compile, native=false, column=10, file=module.js, function=Module._extensions..js, line=580, method=.js, native=false, column=32, file=module.js, function=Module.load, line=503, method=load, native=false, column=12, file=module.js, function=tryModuleLoad, line=466, method=null, native=false, column=3, file=module.js, function=Module._load, line=458, method=_load, native=false, column=17, file=module.js, function=Module.require, line=513, method=require, native=false], stack=[D:\Projects\mysite-angular-matdesign\config\config-db.js:19,   obj = JSON.parse(fs.readFileSync(path.join(__dirname, 'config-db.json');,                                                                         ^, , SyntaxError: missing ) after argument list,     at createScript (vm.js:74:10),     at Object.runInThisContext (vm.js:116:10),     at Module._compile (module.js:533:28),     at Object.Module._extensions..js (module.js:580:10),     at Module.load (module.js:503:32),     at tryModuleLoad (module.js:466:12),     at Function.Module._load (module.js:458:3),     at Module.require (module.js:513:17),     at require (internal/module.js:11:18),     at Object.<anonymous> (D:\Projects\mysite-angular-matdesign\app_api\models\db.js:6:18),     at Module._compile (module.js:569:30),     at Object.Module._extensions..js (module.js:580:10),     at Module.load (module.js:503:32),     at tryModuleLoad (module.js:466:12),     at Function.Module._load (module.js:458:3),     at Module.require (module.js:513:17)]
2017-10-04T08:50:22.243Z - error: [D:\Projects\mysite-angular-matdesign\app_api\models\db.js] uncaughtException: missing ) after argument list date=Wed Oct 04 2017 10:50:22 GMT+0200 (Mitteleuropäische Sommerzeit), pid=5180, uid=null, gid=null, cwd=D:\Projects\mysite-angular-matdesign, execPath=C:\Program Files\nodejs\node.exe, version=v8.2.1, argv=[C:\Program Files\nodejs\node.exe, D:\Projects\mysite-angular-matdesign\server.js], rss=53669888, heapTotal=34615296, heapUsed=22724568, external=18267882, loadavg=[0, 0, 0], uptime=127775.518795, trace=[column=10, file=vm.js, function=createScript, line=74, method=null, native=false, column=10, file=vm.js, function=Object.runInThisContext, line=116, method=runInThisContext, native=false, column=28, file=module.js, function=Module._compile, line=533, method=_compile, native=false, column=10, file=module.js, function=Module._extensions..js, line=580, method=.js, native=false, column=32, file=module.js, function=Module.load, line=503, method=load, native=false, column=12, file=module.js, function=tryModuleLoad, line=466, method=null, native=false, column=3, file=module.js, function=Module._load, line=458, method=_load, native=false, column=17, file=module.js, function=Module.require, line=513, method=require, native=false, column=18, file=internal/module.js, function=require, line=11, method=null, native=false, column=18, file=D:\Projects\mysite-angular-matdesign\app_api\models\db.js, function=null, line=6, method=null, native=false, column=30, file=module.js, function=Module._compile, line=569, method=_compile, native=false, column=10, file=module.js, function=Module._extensions..js, line=580, method=.js, native=false, column=32, file=module.js, function=Module.load, line=503, method=load, native=false, column=12, file=module.js, function=tryModuleLoad, line=466, method=null, native=false, column=3, file=module.js, function=Module._load, line=458, method=_load, native=false, column=17, file=module.js, function=Module.require, line=513, method=require, native=false], stack=[D:\Projects\mysite-angular-matdesign\config\config-db.js:19,   obj = JSON.parse(fs.readFileSync(path.join(__dirname, 'config-db.json');,                                                                         ^, , SyntaxError: missing ) after argument list,     at createScript (vm.js:74:10),     at Object.runInThisContext (vm.js:116:10),     at Module._compile (module.js:533:28),     at Object.Module._extensions..js (module.js:580:10),     at Module.load (module.js:503:32),     at tryModuleLoad (module.js:466:12),     at Function.Module._load (module.js:458:3),     at Module.require (module.js:513:17),     at require (internal/module.js:11:18),     at Object.<anonymous> (D:\Projects\mysite-angular-matdesign\app_api\models\db.js:6:18),     at Module._compile (module.js:569:30),     at Object.Module._extensions..js (module.js:580:10),     at Module.load (module.js:503:32),     at tryModuleLoad (module.js:466:12),     at Function.Module._load (module.js:458:3),     at Module.require (module.js:513:17)]
2017-10-04T08:51:30.417Z - error: [D:\Projects\mysite-angular-matdesign\server.js] uncaughtException: missing ) after argument list date=Wed Oct 04 2017 10:51:30 GMT+0200 (Mitteleuropäische Sommerzeit), pid=3588, uid=null, gid=null, cwd=D:\Projects\mysite-angular-matdesign, execPath=C:\Program Files\nodejs\node.exe, version=v8.2.1, argv=[C:\Program Files\nodejs\node.exe, D:\Projects\mysite-angular-matdesign\server.js], rss=52252672, heapTotal=34615296, heapUsed=22484056, external=18267882, loadavg=[0, 0, 0], uptime=127843.690592, trace=[column=10, file=vm.js, function=createScript, line=74, method=null, native=false, column=10, file=vm.js, function=Object.runInThisContext, line=116, method=runInThisContext, native=false, column=28, file=module.js, function=Module._compile, line=533, method=_compile, native=false, column=10, file=module.js, function=Module._extensions..js, line=580, method=.js, native=false, column=32, file=module.js, function=Module.load, line=503, method=load, native=false, column=12, file=module.js, function=tryModuleLoad, line=466, method=null, native=false, column=3, file=module.js, function=Module._load, line=458, method=_load, native=false, column=17, file=module.js, function=Module.require, line=513, method=require, native=false, column=18, file=internal/module.js, function=require, line=11, method=null, native=false, column=18, file=D:\Projects\mysite-angular-matdesign\app_api\models\db.js, function=null, line=6, method=null, native=false, column=30, file=module.js, function=Module._compile, line=569, method=_compile, native=false, column=10, file=module.js, function=Module._extensions..js, line=580, method=.js, native=false, column=32, file=module.js, function=Module.load, line=503, method=load, native=false, column=12, file=module.js, function=tryModuleLoad, line=466, method=null, native=false, column=3, file=module.js, function=Module._load, line=458, method=_load, native=false, column=17, file=module.js, function=Module.require, line=513, method=require, native=false], stack=[D:\Projects\mysite-angular-matdesign\config\config-db.js:19,   obj = JSON.parse(fs.readFileSync(path.join(__dirname, 'config-db.json');,                                                                         ^, , SyntaxError: missing ) after argument list,     at createScript (vm.js:74:10),     at Object.runInThisContext (vm.js:116:10),     at Module._compile (module.js:533:28),     at Object.Module._extensions..js (module.js:580:10),     at Module.load (module.js:503:32),     at tryModuleLoad (module.js:466:12),     at Function.Module._load (module.js:458:3),     at Module.require (module.js:513:17),     at require (internal/module.js:11:18),     at Object.<anonymous> (D:\Projects\mysite-angular-matdesign\app_api\models\db.js:6:18),     at Module._compile (module.js:569:30),     at Object.Module._extensions..js (module.js:580:10),     at Module.load (module.js:503:32),     at tryModuleLoad (module.js:466:12),     at Function.Module._load (module.js:458:3),     at Module.require (module.js:513:17)]
2017-10-04T08:51:30.421Z - error: [D:\Projects\mysite-angular-matdesign\app_api\models\db.js] uncaughtException: missing ) after argument list date=Wed Oct 04 2017 10:51:30 GMT+0200 (Mitteleuropäische Sommerzeit), pid=3588, uid=null, gid=null, cwd=D:\Projects\mysite-angular-matdesign, execPath=C:\Program Files\nodejs\node.exe, version=v8.2.1, argv=[C:\Program Files\nodejs\node.exe, D:\Projects\mysite-angular-matdesign\server.js], rss=53399552, heapTotal=34615296, heapUsed=22721352, external=18267882, loadavg=[0, 0, 0], uptime=127843.6986137, trace=[column=10, file=vm.js, function=createScript, line=74, method=null, native=false, column=10, file=vm.js, function=Object.runInThisContext, line=116, method=runInThisContext, native=false, column=28, file=module.js, function=Module._compile, line=533, method=_compile, native=false, column=10, file=module.js, function=Module._extensions..js, line=580, method=.js, native=false, column=32, file=module.js, function=Module.load, line=503, method=load, native=false, column=12, file=module.js, function=tryModuleLoad, line=466, method=null, native=false, column=3, file=module.js, function=Module._load, line=458, method=_load, native=false, column=17, file=module.js, function=Module.require, line=513, method=require, native=false, column=18, file=internal/module.js, function=require, line=11, method=null, native=false, column=18, file=D:\Projects\mysite-angular-matdesign\app_api\models\db.js, function=null, line=6, method=null, native=false, column=30, file=module.js, function=Module._compile, line=569, method=_compile, native=false, column=10, file=module.js, function=Module._extensions..js, line=580, method=.js, native=false, column=32, file=module.js, function=Module.load, line=503, method=load, native=false, column=12, file=module.js, function=tryModuleLoad, line=466, method=null, native=false, column=3, file=module.js, function=Module._load, line=458, method=_load, native=false, column=17, file=module.js, function=Module.require, line=513, method=require, native=false], stack=[D:\Projects\mysite-angular-matdesign\config\config-db.js:19,   obj = JSON.parse(fs.readFileSync(path.join(__dirname, 'config-db.json');,                                                                         ^, , SyntaxError: missing ) after argument list,     at createScript (vm.js:74:10),     at Object.runInThisContext (vm.js:116:10),     at Module._compile (module.js:533:28),     at Object.Module._extensions..js (module.js:580:10),     at Module.load (module.js:503:32),     at tryModuleLoad (module.js:466:12),     at Function.Module._load (module.js:458:3),     at Module.require (module.js:513:17),     at require (internal/module.js:11:18),     at Object.<anonymous> (D:\Projects\mysite-angular-matdesign\app_api\models\db.js:6:18),     at Module._compile (module.js:569:30),     at Object.Module._extensions..js (module.js:580:10),     at Module.load (module.js:503:32),     at tryModuleLoad (module.js:466:12),     at Function.Module._load (module.js:458:3),     at Module.require (module.js:513:17)]
2017-10-04T08:53:24.960Z - info: [D:\Projects\mysite-angular-matdesign\app_api\models\db.js] Application running on win32
2017-10-04T08:53:24.997Z - info: [D:\Projects\mysite-angular-matdesign\server.js] API running on localhost:3000
2017-10-04T08:53:28.344Z - info: [D:\Projects\mysite-angular-matdesign\app_api\models\db.js] Mongoose connected to mongodb://admin:marusja14011980@ds159254.mlab.com:59254/loc8r
2017-10-04T09:00:33.229Z - info: [D:\Projects\mysite-angular-matdesign\app_api\models\db.js] Mongoose disconnected
2017-10-04T09:00:53.585Z - error: [D:\Projects\mysite-angular-matdesign\server.js] uncaughtException: missing ) after argument list date=Wed Oct 04 2017 11:00:53 GMT+0200 (Mitteleuropäische Sommerzeit), pid=19000, uid=null, gid=null, cwd=D:\Projects\mysite-angular-matdesign, execPath=C:\Program Files\nodejs\node.exe, version=v8.2.1, argv=[C:\Program Files\nodejs\node.exe, D:\Projects\mysite-angular-matdesign\server.js], rss=52686848, heapTotal=34615296, heapUsed=22482120, external=18267936, loadavg=[0, 0, 0], uptime=128406.859096, trace=[column=10, file=vm.js, function=createScript, line=74, method=null, native=false, column=10, file=vm.js, function=Object.runInThisContext, line=116, method=runInThisContext, native=false, column=28, file=module.js, function=Module._compile, line=533, method=_compile, native=false, column=10, file=module.js, function=Module._extensions..js, line=580, method=.js, native=false, column=32, file=module.js, function=Module.load, line=503, method=load, native=false, column=12, file=module.js, function=tryModuleLoad, line=466, method=null, native=false, column=3, file=module.js, function=Module._load, line=458, method=_load, native=false, column=17, file=module.js, function=Module.require, line=513, method=require, native=false, column=18, file=internal/module.js, function=require, line=11, method=null, native=false, column=18, file=D:\Projects\mysite-angular-matdesign\app_api\models\db.js, function=null, line=6, method=null, native=false, column=30, file=module.js, function=Module._compile, line=569, method=_compile, native=false, column=10, file=module.js, function=Module._extensions..js, line=580, method=.js, native=false, column=32, file=module.js, function=Module.load, line=503, method=load, native=false, column=12, file=module.js, function=tryModuleLoad, line=466, method=null, native=false, column=3, file=module.js, function=Module._load, line=458, method=_load, native=false, column=17, file=module.js, function=Module.require, line=513, method=require, native=false], stack=[D:\Projects\mysite-angular-matdesign\config\config-db.js:19, obj = JSON.parse(fs.readFileSync(path.join(__dirname, 'config-db.json');,                                                                       ^, , SyntaxError: missing ) after argument list,     at createScript (vm.js:74:10),     at Object.runInThisContext (vm.js:116:10),     at Module._compile (module.js:533:28),     at Object.Module._extensions..js (module.js:580:10),     at Module.load (module.js:503:32),     at tryModuleLoad (module.js:466:12),     at Function.Module._load (module.js:458:3),     at Module.require (module.js:513:17),     at require (internal/module.js:11:18),     at Object.<anonymous> (D:\Projects\mysite-angular-matdesign\app_api\models\db.js:6:18),     at Module._compile (module.js:569:30),     at Object.Module._extensions..js (module.js:580:10),     at Module.load (module.js:503:32),     at tryModuleLoad (module.js:466:12),     at Function.Module._load (module.js:458:3),     at Module.require (module.js:513:17)]
2017-10-04T09:00:53.589Z - error: [D:\Projects\mysite-angular-matdesign\app_api\models\db.js] uncaughtException: missing ) after argument list date=Wed Oct 04 2017 11:00:53 GMT+0200 (Mitteleuropäische Sommerzeit), pid=19000, uid=null, gid=null, cwd=D:\Projects\mysite-angular-matdesign, execPath=C:\Program Files\nodejs\node.exe, version=v8.2.1, argv=[C:\Program Files\nodejs\node.exe, D:\Projects\mysite-angular-matdesign\server.js], rss=53567488, heapTotal=34615296, heapUsed=22719496, external=18267936, loadavg=[0, 0, 0], uptime=128406.8661007, trace=[column=10, file=vm.js, function=createScript, line=74, method=null, native=false, column=10, file=vm.js, function=Object.runInThisContext, line=116, method=runInThisContext, native=false, column=28, file=module.js, function=Module._compile, line=533, method=_compile, native=false, column=10, file=module.js, function=Module._extensions..js, line=580, method=.js, native=false, column=32, file=module.js, function=Module.load, line=503, method=load, native=false, column=12, file=module.js, function=tryModuleLoad, line=466, method=null, native=false, column=3, file=module.js, function=Module._load, line=458, method=_load, native=false, column=17, file=module.js, function=Module.require, line=513, method=require, native=false, column=18, file=internal/module.js, function=require, line=11, method=null, native=false, column=18, file=D:\Projects\mysite-angular-matdesign\app_api\models\db.js, function=null, line=6, method=null, native=false, column=30, file=module.js, function=Module._compile, line=569, method=_compile, native=false, column=10, file=module.js, function=Module._extensions..js, line=580, method=.js, native=false, column=32, file=module.js, function=Module.load, line=503, method=load, native=false, column=12, file=module.js, function=tryModuleLoad, line=466, method=null, native=false, column=3, file=module.js, function=Module._load, line=458, method=_load, native=false, column=17, file=module.js, function=Module.require, line=513, method=require, native=false], stack=[D:\Projects\mysite-angular-matdesign\config\config-db.js:19, obj = JSON.parse(fs.readFileSync(path.join(__dirname, 'config-db.json');,                                                                       ^, , SyntaxError: missing ) after argument list,     at createScript (vm.js:74:10),     at Object.runInThisContext (vm.js:116:10),     at Module._compile (module.js:533:28),     at Object.Module._extensions..js (module.js:580:10),     at Module.load (module.js:503:32),     at tryModuleLoad (module.js:466:12),     at Function.Module._load (module.js:458:3),     at Module.require (module.js:513:17),     at require (internal/module.js:11:18),     at Object.<anonymous> (D:\Projects\mysite-angular-matdesign\app_api\models\db.js:6:18),     at Module._compile (module.js:569:30),     at Object.Module._extensions..js (module.js:580:10),     at Module.load (module.js:503:32),     at tryModuleLoad (module.js:466:12),     at Function.Module._load (module.js:458:3),     at Module.require (module.js:513:17)]
2017-10-04T09:07:11.891Z - error: [D:\Projects\mysite-angular-matdesign\server.js] uncaughtException: Unexpected token catch date=Wed Oct 04 2017 11:07:11 GMT+0200 (Mitteleuropäische Sommerzeit), pid=5216, uid=null, gid=null, cwd=D:\Projects\mysite-angular-matdesign, execPath=C:\Program Files\nodejs\node.exe, version=v8.2.1, argv=[C:\Program Files\nodejs\node.exe, D:\Projects\mysite-angular-matdesign\server.js], rss=52862976, heapTotal=34615296, heapUsed=22499752, external=18267936, loadavg=[0, 0, 0], uptime=128785.163584, trace=[column=10, file=vm.js, function=createScript, line=74, method=null, native=false, column=10, file=vm.js, function=Object.runInThisContext, line=116, method=runInThisContext, native=false, column=28, file=module.js, function=Module._compile, line=533, method=_compile, native=false, column=10, file=module.js, function=Module._extensions..js, line=580, method=.js, native=false, column=32, file=module.js, function=Module.load, line=503, method=load, native=false, column=12, file=module.js, function=tryModuleLoad, line=466, method=null, native=false, column=3, file=module.js, function=Module._load, line=458, method=_load, native=false, column=17, file=module.js, function=Module.require, line=513, method=require, native=false, column=18, file=internal/module.js, function=require, line=11, method=null, native=false, column=18, file=D:\Projects\mysite-angular-matdesign\app_api\models\db.js, function=null, line=6, method=null, native=false, column=30, file=module.js, function=Module._compile, line=569, method=_compile, native=false, column=10, file=module.js, function=Module._extensions..js, line=580, method=.js, native=false, column=32, file=module.js, function=Module.load, line=503, method=load, native=false, column=12, file=module.js, function=tryModuleLoad, line=466, method=null, native=false, column=3, file=module.js, function=Module._load, line=458, method=_load, native=false, column=17, file=module.js, function=Module.require, line=513, method=require, native=false], stack=[D:\Projects\mysite-angular-matdesign\config\config-db.js:22, } catch (err) {,   ^^^^^, , SyntaxError: Unexpected token catch,     at createScript (vm.js:74:10),     at Object.runInThisContext (vm.js:116:10),     at Module._compile (module.js:533:28),     at Object.Module._extensions..js (module.js:580:10),     at Module.load (module.js:503:32),     at tryModuleLoad (module.js:466:12),     at Function.Module._load (module.js:458:3),     at Module.require (module.js:513:17),     at require (internal/module.js:11:18),     at Object.<anonymous> (D:\Projects\mysite-angular-matdesign\app_api\models\db.js:6:18),     at Module._compile (module.js:569:30),     at Object.Module._extensions..js (module.js:580:10),     at Module.load (module.js:503:32),     at tryModuleLoad (module.js:466:12),     at Function.Module._load (module.js:458:3),     at Module.require (module.js:513:17)]
2017-10-04T09:07:11.896Z - error: [D:\Projects\mysite-angular-matdesign\app_api\models\db.js] uncaughtException: Unexpected token catch date=Wed Oct 04 2017 11:07:11 GMT+0200 (Mitteleuropäische Sommerzeit), pid=5216, uid=null, gid=null, cwd=D:\Projects\mysite-angular-matdesign, execPath=C:\Program Files\nodejs\node.exe, version=v8.2.1, argv=[C:\Program Files\nodejs\node.exe, D:\Projects\mysite-angular-matdesign\server.js], rss=53813248, heapTotal=34615296, heapUsed=22737208, external=18267936, loadavg=[0, 0, 0], uptime=128785.1731191, trace=[column=10, file=vm.js, function=createScript, line=74, method=null, native=false, column=10, file=vm.js, function=Object.runInThisContext, line=116, method=runInThisContext, native=false, column=28, file=module.js, function=Module._compile, line=533, method=_compile, native=false, column=10, file=module.js, function=Module._extensions..js, line=580, method=.js, native=false, column=32, file=module.js, function=Module.load, line=503, method=load, native=false, column=12, file=module.js, function=tryModuleLoad, line=466, method=null, native=false, column=3, file=module.js, function=Module._load, line=458, method=_load, native=false, column=17, file=module.js, function=Module.require, line=513, method=require, native=false, column=18, file=internal/module.js, function=require, line=11, method=null, native=false, column=18, file=D:\Projects\mysite-angular-matdesign\app_api\models\db.js, function=null, line=6, method=null, native=false, column=30, file=module.js, function=Module._compile, line=569, method=_compile, native=false, column=10, file=module.js, function=Module._extensions..js, line=580, method=.js, native=false, column=32, file=module.js, function=Module.load, line=503, method=load, native=false, column=12, file=module.js, function=tryModuleLoad, line=466, method=null, native=false, column=3, file=module.js, function=Module._load, line=458, method=_load, native=false, column=17, file=module.js, function=Module.require, line=513, method=require, native=false], stack=[D:\Projects\mysite-angular-matdesign\config\config-db.js:22, } catch (err) {,   ^^^^^, , SyntaxError: Unexpected token catch,     at createScript (vm.js:74:10),     at Object.runInThisContext (vm.js:116:10),     at Module._compile (module.js:533:28),     at Object.Module._extensions..js (module.js:580:10),     at Module.load (module.js:503:32),     at tryModuleLoad (module.js:466:12),     at Function.Module._load (module.js:458:3),     at Module.require (module.js:513:17),     at require (internal/module.js:11:18),     at Object.<anonymous> (D:\Projects\mysite-angular-matdesign\app_api\models\db.js:6:18),     at Module._compile (module.js:569:30),     at Object.Module._extensions..js (module.js:580:10),     at Module.load (module.js:503:32),     at tryModuleLoad (module.js:466:12),     at Function.Module._load (module.js:458:3),     at Module.require (module.js:513:17)]
2017-10-04T09:08:19.241Z - error: [D:\Projects\mysite-angular-matdesign\server.js] uncaughtException: Unexpected token catch date=Wed Oct 04 2017 11:08:19 GMT+0200 (Mitteleuropäische Sommerzeit), pid=22288, uid=null, gid=null, cwd=D:\Projects\mysite-angular-matdesign, execPath=C:\Program Files\nodejs\node.exe, version=v8.2.1, argv=[C:\Program Files\nodejs\node.exe, D:\Projects\mysite-angular-matdesign\server.js], rss=52555776, heapTotal=34615296, heapUsed=22485408, external=18267884, loadavg=[0, 0, 0], uptime=128852.5126229, trace=[column=10, file=vm.js, function=createScript, line=74, method=null, native=false, column=10, file=vm.js, function=Object.runInThisContext, line=116, method=runInThisContext, native=false, column=28, file=module.js, function=Module._compile, line=533, method=_compile, native=false, column=10, file=module.js, function=Module._extensions..js, line=580, method=.js, native=false, column=32, file=module.js, function=Module.load, line=503, method=load, native=false, column=12, file=module.js, function=tryModuleLoad, line=466, method=null, native=false, column=3, file=module.js, function=Module._load, line=458, method=_load, native=false, column=17, file=module.js, function=Module.require, line=513, method=require, native=false, column=18, file=internal/module.js, function=require, line=11, method=null, native=false, column=18, file=D:\Projects\mysite-angular-matdesign\app_api\models\db.js, function=null, line=6, method=null, native=false, column=30, file=module.js, function=Module._compile, line=569, method=_compile, native=false, column=10, file=module.js, function=Module._extensions..js, line=580, method=.js, native=false, column=32, file=module.js, function=Module.load, line=503, method=load, native=false, column=12, file=module.js, function=tryModuleLoad, line=466, method=null, native=false, column=3, file=module.js, function=Module._load, line=458, method=_load, native=false, column=17, file=module.js, function=Module.require, line=513, method=require, native=false], stack=[D:\Projects\mysite-angular-matdesign\config\config-db.js:22, } catch (err) {,   ^^^^^, , SyntaxError: Unexpected token catch,     at createScript (vm.js:74:10),     at Object.runInThisContext (vm.js:116:10),     at Module._compile (module.js:533:28),     at Object.Module._extensions..js (module.js:580:10),     at Module.load (module.js:503:32),     at tryModuleLoad (module.js:466:12),     at Function.Module._load (module.js:458:3),     at Module.require (module.js:513:17),     at require (internal/module.js:11:18),     at Object.<anonymous> (D:\Projects\mysite-angular-matdesign\app_api\models\db.js:6:18),     at Module._compile (module.js:569:30),     at Object.Module._extensions..js (module.js:580:10),     at Module.load (module.js:503:32),     at tryModuleLoad (module.js:466:12),     at Function.Module._load (module.js:458:3),     at Module.require (module.js:513:17)]
2017-10-04T09:08:19.246Z - error: [D:\Projects\mysite-angular-matdesign\app_api\models\db.js] uncaughtException: Unexpected token catch date=Wed Oct 04 2017 11:08:19 GMT+0200 (Mitteleuropäische Sommerzeit), pid=22288, uid=null, gid=null, cwd=D:\Projects\mysite-angular-matdesign, execPath=C:\Program Files\nodejs\node.exe, version=v8.2.1, argv=[C:\Program Files\nodejs\node.exe, D:\Projects\mysite-angular-matdesign\server.js], rss=53583872, heapTotal=34615296, heapUsed=22722784, external=18267884, loadavg=[0, 0, 0], uptime=128852.5231317, trace=[column=10, file=vm.js, function=createScript, line=74, method=null, native=false, column=10, file=vm.js, function=Object.runInThisContext, line=116, method=runInThisContext, native=false, column=28, file=module.js, function=Module._compile, line=533, method=_compile, native=false, column=10, file=module.js, function=Module._extensions..js, line=580, method=.js, native=false, column=32, file=module.js, function=Module.load, line=503, method=load, native=false, column=12, file=module.js, function=tryModuleLoad, line=466, method=null, native=false, column=3, file=module.js, function=Module._load, line=458, method=_load, native=false, column=17, file=module.js, function=Module.require, line=513, method=require, native=false, column=18, file=internal/module.js, function=require, line=11, method=null, native=false, column=18, file=D:\Projects\mysite-angular-matdesign\app_api\models\db.js, function=null, line=6, method=null, native=false, column=30, file=module.js, function=Module._compile, line=569, method=_compile, native=false, column=10, file=module.js, function=Module._extensions..js, line=580, method=.js, native=false, column=32, file=module.js, function=Module.load, line=503, method=load, native=false, column=12, file=module.js, function=tryModuleLoad, line=466, method=null, native=false, column=3, file=module.js, function=Module._load, line=458, method=_load, native=false, column=17, file=module.js, function=Module.require, line=513, method=require, native=false], stack=[D:\Projects\mysite-angular-matdesign\config\config-db.js:22, } catch (err) {,   ^^^^^, , SyntaxError: Unexpected token catch,     at createScript (vm.js:74:10),     at Object.runInThisContext (vm.js:116:10),     at Module._compile (module.js:533:28),     at Object.Module._extensions..js (module.js:580:10),     at Module.load (module.js:503:32),     at tryModuleLoad (module.js:466:12),     at Function.Module._load (module.js:458:3),     at Module.require (module.js:513:17),     at require (internal/module.js:11:18),     at Object.<anonymous> (D:\Projects\mysite-angular-matdesign\app_api\models\db.js:6:18),     at Module._compile (module.js:569:30),     at Object.Module._extensions..js (module.js:580:10),     at Module.load (module.js:503:32),     at tryModuleLoad (module.js:466:12),     at Function.Module._load (module.js:458:3),     at Module.require (module.js:513:17)]
2017-10-04T09:10:36.671Z - error: [D:\Projects\mysite-angular-matdesign\server.js] uncaughtException: Unexpected token catch date=Wed Oct 04 2017 11:10:36 GMT+0200 (Mitteleuropäische Sommerzeit), pid=9648, uid=null, gid=null, cwd=D:\Projects\mysite-angular-matdesign, execPath=C:\Program Files\nodejs\node.exe, version=v8.2.1, argv=[C:\Program Files\nodejs\node.exe, D:\Projects\mysite-angular-matdesign\server.js], rss=52355072, heapTotal=34615296, heapUsed=22472240, external=18260472, loadavg=[0, 0, 0], uptime=128989.9454352, trace=[column=10, file=vm.js, function=createScript, line=74, method=null, native=false, column=10, file=vm.js, function=Object.runInThisContext, line=116, method=runInThisContext, native=false, column=28, file=module.js, function=Module._compile, line=533, method=_compile, native=false, column=10, file=module.js, function=Module._extensions..js, line=580, method=.js, native=false, column=32, file=module.js, function=Module.load, line=503, method=load, native=false, column=12, file=module.js, function=tryModuleLoad, line=466, method=null, native=false, column=3, file=module.js, function=Module._load, line=458, method=_load, native=false, column=17, file=module.js, function=Module.require, line=513, method=require, native=false, column=18, file=internal/module.js, function=require, line=11, method=null, native=false, column=18, file=D:\Projects\mysite-angular-matdesign\app_api\models\db.js, function=null, line=6, method=null, native=false, column=30, file=module.js, function=Module._compile, line=569, method=_compile, native=false, column=10, file=module.js, function=Module._extensions..js, line=580, method=.js, native=false, column=32, file=module.js, function=Module.load, line=503, method=load, native=false, column=12, file=module.js, function=tryModuleLoad, line=466, method=null, native=false, column=3, file=module.js, function=Module._load, line=458, method=_load, native=false, column=17, file=module.js, function=Module.require, line=513, method=require, native=false], stack=[D:\Projects\mysite-angular-matdesign\config\config-db.js:22, } catch (err) {,   ^^^^^, , SyntaxError: Unexpected token catch,     at createScript (vm.js:74:10),     at Object.runInThisContext (vm.js:116:10),     at Module._compile (module.js:533:28),     at Object.Module._extensions..js (module.js:580:10),     at Module.load (module.js:503:32),     at tryModuleLoad (module.js:466:12),     at Function.Module._load (module.js:458:3),     at Module.require (module.js:513:17),     at require (internal/module.js:11:18),     at Object.<anonymous> (D:\Projects\mysite-angular-matdesign\app_api\models\db.js:6:18),     at Module._compile (module.js:569:30),     at Object.Module._extensions..js (module.js:580:10),     at Module.load (module.js:503:32),     at tryModuleLoad (module.js:466:12),     at Function.Module._load (module.js:458:3),     at Module.require (module.js:513:17)]
2017-10-04T09:10:36.677Z - error: [D:\Projects\mysite-angular-matdesign\app_api\models\db.js] uncaughtException: Unexpected token catch date=Wed Oct 04 2017 11:10:36 GMT+0200 (Mitteleuropäische Sommerzeit), pid=9648, uid=null, gid=null, cwd=D:\Projects\mysite-angular-matdesign, execPath=C:\Program Files\nodejs\node.exe, version=v8.2.1, argv=[C:\Program Files\nodejs\node.exe, D:\Projects\mysite-angular-matdesign\server.js], rss=53481472, heapTotal=34615296, heapUsed=22709656, external=18260472, loadavg=[0, 0, 0], uptime=128989.9534322, trace=[column=10, file=vm.js, function=createScript, line=74, method=null, native=false, column=10, file=vm.js, function=Object.runInThisContext, line=116, method=runInThisContext, native=false, column=28, file=module.js, function=Module._compile, line=533, method=_compile, native=false, column=10, file=module.js, function=Module._extensions..js, line=580, method=.js, native=false, column=32, file=module.js, function=Module.load, line=503, method=load, native=false, column=12, file=module.js, function=tryModuleLoad, line=466, method=null, native=false, column=3, file=module.js, function=Module._load, line=458, method=_load, native=false, column=17, file=module.js, function=Module.require, line=513, method=require, native=false, column=18, file=internal/module.js, function=require, line=11, method=null, native=false, column=18, file=D:\Projects\mysite-angular-matdesign\app_api\models\db.js, function=null, line=6, method=null, native=false, column=30, file=module.js, function=Module._compile, line=569, method=_compile, native=false, column=10, file=module.js, function=Module._extensions..js, line=580, method=.js, native=false, column=32, file=module.js, function=Module.load, line=503, method=load, native=false, column=12, file=module.js, function=tryModuleLoad, line=466, method=null, native=false, column=3, file=module.js, function=Module._load, line=458, method=_load, native=false, column=17, file=module.js, function=Module.require, line=513, method=require, native=false], stack=[D:\Projects\mysite-angular-matdesign\config\config-db.js:22, } catch (err) {,   ^^^^^, , SyntaxError: Unexpected token catch,     at createScript (vm.js:74:10),     at Object.runInThisContext (vm.js:116:10),     at Module._compile (module.js:533:28),     at Object.Module._extensions..js (module.js:580:10),     at Module.load (module.js:503:32),     at tryModuleLoad (module.js:466:12),     at Function.Module._load (module.js:458:3),     at Module.require (module.js:513:17),     at require (internal/module.js:11:18),     at Object.<anonymous> (D:\Projects\mysite-angular-matdesign\app_api\models\db.js:6:18),     at Module._compile (module.js:569:30),     at Object.Module._extensions..js (module.js:580:10),     at Module.load (module.js:503:32),     at tryModuleLoad (module.js:466:12),     at Function.Module._load (module.js:458:3),     at Module.require (module.js:513:17)]
2017-10-04T09:12:34.597Z - error: [D:\Projects\mysite-angular-matdesign\server.js] uncaughtException: Unexpected token catch date=Wed Oct 04 2017 11:12:34 GMT+0200 (Mitteleuropäische Sommerzeit), pid=21668, uid=null, gid=null, cwd=D:\Projects\mysite-angular-matdesign, execPath=C:\Program Files\nodejs\node.exe, version=v8.2.1, argv=[C:\Program Files\nodejs\node.exe, D:\Projects\mysite-angular-matdesign\server.js], rss=52428800, heapTotal=34615296, heapUsed=22474128, external=18260472, loadavg=[0, 0, 0], uptime=129107.8712892, trace=[column=10, file=vm.js, function=createScript, line=74, method=null, native=false, column=10, file=vm.js, function=Object.runInThisContext, line=116, method=runInThisContext, native=false, column=28, file=module.js, function=Module._compile, line=533, method=_compile, native=false, column=10, file=module.js, function=Module._extensions..js, line=580, method=.js, native=false, column=32, file=module.js, function=Module.load, line=503, method=load, native=false, column=12, file=module.js, function=tryModuleLoad, line=466, method=null, native=false, column=3, file=module.js, function=Module._load, line=458, method=_load, native=false, column=17, file=module.js, function=Module.require, line=513, method=require, native=false, column=18, file=internal/module.js, function=require, line=11, method=null, native=false, column=18, file=D:\Projects\mysite-angular-matdesign\app_api\models\db.js, function=null, line=6, method=null, native=false, column=30, file=module.js, function=Module._compile, line=569, method=_compile, native=false, column=10, file=module.js, function=Module._extensions..js, line=580, method=.js, native=false, column=32, file=module.js, function=Module.load, line=503, method=load, native=false, column=12, file=module.js, function=tryModuleLoad, line=466, method=null, native=false, column=3, file=module.js, function=Module._load, line=458, method=_load, native=false, column=17, file=module.js, function=Module.require, line=513, method=require, native=false], stack=[D:\Projects\mysite-angular-matdesign\config\config-db.js:22, } catch (err) {,   ^^^^^, , SyntaxError: Unexpected token catch,     at createScript (vm.js:74:10),     at Object.runInThisContext (vm.js:116:10),     at Module._compile (module.js:533:28),     at Object.Module._extensions..js (module.js:580:10),     at Module.load (module.js:503:32),     at tryModuleLoad (module.js:466:12),     at Function.Module._load (module.js:458:3),     at Module.require (module.js:513:17),     at require (internal/module.js:11:18),     at Object.<anonymous> (D:\Projects\mysite-angular-matdesign\app_api\models\db.js:6:18),     at Module._compile (module.js:569:30),     at Object.Module._extensions..js (module.js:580:10),     at Module.load (module.js:503:32),     at tryModuleLoad (module.js:466:12),     at Function.Module._load (module.js:458:3),     at Module.require (module.js:513:17)]
2017-10-04T09:12:34.602Z - error: [D:\Projects\mysite-angular-matdesign\app_api\models\db.js] uncaughtException: Unexpected token catch date=Wed Oct 04 2017 11:12:34 GMT+0200 (Mitteleuropäische Sommerzeit), pid=21668, uid=null, gid=null, cwd=D:\Projects\mysite-angular-matdesign, execPath=C:\Program Files\nodejs\node.exe, version=v8.2.1, argv=[C:\Program Files\nodejs\node.exe, D:\Projects\mysite-angular-matdesign\server.js], rss=53665792, heapTotal=34615296, heapUsed=22711552, external=18260472, loadavg=[0, 0, 0], uptime=129107.8798102, trace=[column=10, file=vm.js, function=createScript, line=74, method=null, native=false, column=10, file=vm.js, function=Object.runInThisContext, line=116, method=runInThisContext, native=false, column=28, file=module.js, function=Module._compile, line=533, method=_compile, native=false, column=10, file=module.js, function=Module._extensions..js, line=580, method=.js, native=false, column=32, file=module.js, function=Module.load, line=503, method=load, native=false, column=12, file=module.js, function=tryModuleLoad, line=466, method=null, native=false, column=3, file=module.js, function=Module._load, line=458, method=_load, native=false, column=17, file=module.js, function=Module.require, line=513, method=require, native=false, column=18, file=internal/module.js, function=require, line=11, method=null, native=false, column=18, file=D:\Projects\mysite-angular-matdesign\app_api\models\db.js, function=null, line=6, method=null, native=false, column=30, file=module.js, function=Module._compile, line=569, method=_compile, native=false, column=10, file=module.js, function=Module._extensions..js, line=580, method=.js, native=false, column=32, file=module.js, function=Module.load, line=503, method=load, native=false, column=12, file=module.js, function=tryModuleLoad, line=466, method=null, native=false, column=3, file=module.js, function=Module._load, line=458, method=_load, native=false, column=17, file=module.js, function=Module.require, line=513, method=require, native=false], stack=[D:\Projects\mysite-angular-matdesign\config\config-db.js:22, } catch (err) {,   ^^^^^, , SyntaxError: Unexpected token catch,     at createScript (vm.js:74:10),     at Object.runInThisContext (vm.js:116:10),     at Module._compile (module.js:533:28),     at Object.Module._extensions..js (module.js:580:10),     at Module.load (module.js:503:32),     at tryModuleLoad (module.js:466:12),     at Function.Module._load (module.js:458:3),     at Module.require (module.js:513:17),     at require (internal/module.js:11:18),     at Object.<anonymous> (D:\Projects\mysite-angular-matdesign\app_api\models\db.js:6:18),     at Module._compile (module.js:569:30),     at Object.Module._extensions..js (module.js:580:10),     at Module.load (module.js:503:32),     at tryModuleLoad (module.js:466:12),     at Function.Module._load (module.js:458:3),     at Module.require (module.js:513:17)]
2017-10-04T09:14:27.212Z - info: [D:\Projects\mysite-angular-matdesign\app_api\models\db.js] Application running on win32
2017-10-04T09:14:27.249Z - info: [D:\Projects\mysite-angular-matdesign\server.js] API running on localhost:3000
2017-10-04T09:14:27.720Z - info: [D:\Projects\mysite-angular-matdesign\app_api\models\db.js] Mongoose connected to mongodb://admin:marusja14011980@ds159254.mlab.com:59254/loc8r
2017-10-04T09:15:24.252Z - info: [D:\Projects\mysite-angular-matdesign\app_api\models\db.js] Mongoose disconnected
2017-10-04T09:15:44.010Z - info: [D:\Projects\mysite-angular-matdesign\app_api\models\db.js] Application running on win32
2017-10-04T09:15:44.045Z - info: [D:\Projects\mysite-angular-matdesign\server.js] API running on localhost:3000
2017-10-04T09:15:44.668Z - info: [D:\Projects\mysite-angular-matdesign\app_api\models\db.js] Mongoose connected to mongodb://admin:marusja14011980@ds159254.mlab.com:59254/loc8r
2017-10-04T09:18:04.352Z - info: [D:\Projects\mysite-angular-matdesign\app_api\models\db.js] Mongoose disconnected
2017-10-04T09:18:24.419Z - info: [D:\Projects\mysite-angular-matdesign\app_api\models\db.js] Application running on win32
2017-10-04T09:18:24.454Z - info: [D:\Projects\mysite-angular-matdesign\server.js] API running on localhost:3000
2017-10-04T09:18:25.033Z - info: [D:\Projects\mysite-angular-matdesign\app_api\models\db.js] Mongoose connected to mongodb://admin:marusja14011980@ds159254.mlab.com:59254/loc8r
2017-10-04T09:21:03.002Z - info: [D:\Projects\mysite-angular-matdesign\app_api\models\db.js] Mongoose disconnected
2017-10-04T09:21:24.083Z - error: [D:\Projects\mysite-angular-matdesign\server.js] uncaughtException: url is not defined date=Wed Oct 04 2017 11:21:24 GMT+0200 (Mitteleuropäische Sommerzeit), pid=20492, uid=null, gid=null, cwd=D:\Projects\mysite-angular-matdesign, execPath=C:\Program Files\nodejs\node.exe, version=v8.2.1, argv=[C:\Program Files\nodejs\node.exe, D:\Projects\mysite-angular-matdesign\server.js], rss=52576256, heapTotal=34615296, heapUsed=22606104, external=18260472, loadavg=[0, 0, 0], uptime=129637.3594994, trace=[column=8, file=D:\Projects\mysite-angular-matdesign\config\config-db.js, function=null, line=28, method=null, native=false, column=30, file=module.js, function=Module._compile, line=569, method=_compile, native=false, column=10, file=module.js, function=Module._extensions..js, line=580, method=.js, native=false, column=32, file=module.js, function=Module.load, line=503, method=load, native=false, column=12, file=module.js, function=tryModuleLoad, line=466, method=null, native=false, column=3, file=module.js, function=Module._load, line=458, method=_load, native=false, column=17, file=module.js, function=Module.require, line=513, method=require, native=false, column=18, file=internal/module.js, function=require, line=11, method=null, native=false, column=18, file=D:\Projects\mysite-angular-matdesign\app_api\models\db.js, function=null, line=6, method=null, native=false, column=30, file=module.js, function=Module._compile, line=569, method=_compile, native=false, column=10, file=module.js, function=Module._extensions..js, line=580, method=.js, native=false, column=32, file=module.js, function=Module.load, line=503, method=load, native=false, column=12, file=module.js, function=tryModuleLoad, line=466, method=null, native=false, column=3, file=module.js, function=Module._load, line=458, method=_load, native=false, column=17, file=module.js, function=Module.require, line=513, method=require, native=false, column=18, file=internal/module.js, function=require, line=11, method=null, native=false], stack=[ReferenceError: url is not defined,     at Object.<anonymous> (D:\Projects\mysite-angular-matdesign\config\config-db.js:28:8),     at Module._compile (module.js:569:30),     at Object.Module._extensions..js (module.js:580:10),     at Module.load (module.js:503:32),     at tryModuleLoad (module.js:466:12),     at Function.Module._load (module.js:458:3),     at Module.require (module.js:513:17),     at require (internal/module.js:11:18),     at Object.<anonymous> (D:\Projects\mysite-angular-matdesign\app_api\models\db.js:6:18),     at Module._compile (module.js:569:30),     at Object.Module._extensions..js (module.js:580:10),     at Module.load (module.js:503:32),     at tryModuleLoad (module.js:466:12),     at Function.Module._load (module.js:458:3),     at Module.require (module.js:513:17),     at require (internal/module.js:11:18)]
2017-10-04T09:21:24.067Z - error: [D:\Projects\mysite-angular-matdesign\config\config-db.js] ENOENT: no such file or directory, open 'D:\Projects\mysite-angular-matdesign\config\conf-db.json'
2017-10-04T09:21:24.089Z - error: [D:\Projects\mysite-angular-matdesign\app_api\models\db.js] uncaughtException: url is not defined date=Wed Oct 04 2017 11:21:24 GMT+0200 (Mitteleuropäische Sommerzeit), pid=20492, uid=null, gid=null, cwd=D:\Projects\mysite-angular-matdesign, execPath=C:\Program Files\nodejs\node.exe, version=v8.2.1, argv=[C:\Program Files\nodejs\node.exe, D:\Projects\mysite-angular-matdesign\server.js], rss=53428224, heapTotal=34615296, heapUsed=22798864, external=18260472, loadavg=[0, 0, 0], uptime=129637.3650143, trace=[column=8, file=D:\Projects\mysite-angular-matdesign\config\config-db.js, function=null, line=28, method=null, native=false, column=30, file=module.js, function=Module._compile, line=569, method=_compile, native=false, column=10, file=module.js, function=Module._extensions..js, line=580, method=.js, native=false, column=32, file=module.js, function=Module.load, line=503, method=load, native=false, column=12, file=module.js, function=tryModuleLoad, line=466, method=null, native=false, column=3, file=module.js, function=Module._load, line=458, method=_load, native=false, column=17, file=module.js, function=Module.require, line=513, method=require, native=false, column=18, file=internal/module.js, function=require, line=11, method=null, native=false, column=18, file=D:\Projects\mysite-angular-matdesign\app_api\models\db.js, function=null, line=6, method=null, native=false, column=30, file=module.js, function=Module._compile, line=569, method=_compile, native=false, column=10, file=module.js, function=Module._extensions..js, line=580, method=.js, native=false, column=32, file=module.js, function=Module.load, line=503, method=load, native=false, column=12, file=module.js, function=tryModuleLoad, line=466, method=null, native=false, column=3, file=module.js, function=Module._load, line=458, method=_load, native=false, column=17, file=module.js, function=Module.require, line=513, method=require, native=false, column=18, file=internal/module.js, function=require, line=11, method=null, native=false], stack=[ReferenceError: url is not defined,     at Object.<anonymous> (D:\Projects\mysite-angular-matdesign\config\config-db.js:28:8),     at Module._compile (module.js:569:30),     at Object.Module._extensions..js (module.js:580:10),     at Module.load (module.js:503:32),     at tryModuleLoad (module.js:466:12),     at Function.Module._load (module.js:458:3),     at Module.require (module.js:513:17),     at require (internal/module.js:11:18),     at Object.<anonymous> (D:\Projects\mysite-angular-matdesign\app_api\models\db.js:6:18),     at Module._compile (module.js:569:30),     at Object.Module._extensions..js (module.js:580:10),     at Module.load (module.js:503:32),     at tryModuleLoad (module.js:466:12),     at Function.Module._load (module.js:458:3),     at Module.require (module.js:513:17),     at require (internal/module.js:11:18)]
2017-10-04T09:35:20.777Z - info: [D:\Projects\mysite-angular-matdesign\app_api\models\db.js] Application running on win32
2017-10-04T09:35:20.813Z - info: [D:\Projects\mysite-angular-matdesign\server.js] API running on localhost:3000
2017-10-04T09:35:21.507Z - info: [D:\Projects\mysite-angular-matdesign\app_api\models\db.js] Mongoose connected to mongodb://admin:marusja14011980@ds159254.mlab.com:59254/loc8r
2017-10-04T10:11:34.850Z - info: [D:\Projects\mysite-angular-matdesign\app_api\models\db.js] Mongoose disconnected
2017-10-04T10:11:55.096Z - info: [D:\Projects\mysite-angular-matdesign\app_api\models\db.js] Application running on win32
2017-10-04T10:11:55.131Z - info: [D:\Projects\mysite-angular-matdesign\server.js] API running on localhost:3000
2017-10-04T10:11:55.630Z - info: [D:\Projects\mysite-angular-matdesign\app_api\models\db.js] Mongoose connected to mongodb://admin:marusja14011980@ds159254.mlab.com:59254/loc8r
2017-10-04T10:20:38.023Z - info: [D:\Projects\mysite-angular-matdesign\app_api\models\db.js] Mongoose disconnected
